[ 2014-08-30T00:01:47+08:00 ] 127.0.0.1 /shequ/Index/index
INFO: [ route_check ] --START--
INFO: Run CheckRoute Behavior [ RunTime:0.060003s ]
INFO: [ route_check ] --END-- [ RunTime:0.084005s ]
INFO: [ app_begin ] --START--
INFO: Run ReadHtmlCache Behavior [ RunTime:0.029002s ]
INFO: [ app_begin ] --END-- [ RunTime:0.030002s ]
INFO: [ view_template ] --START--
INFO: Run LocationTemplate Behavior [ RunTime:0.198011s ]
INFO: [ view_template ] --END-- [ RunTime:0.198011s ]
INFO: [ view_parse ] --START--
NOTIC: [8] Undefined index: isLogin C:\wamp\www\shequ\App\Runtime\Cache\f331a3f0d874c4248458495ef2c2c2d1.php 第 33 行.
NOTIC: [8] Undefined index: mid C:\wamp\www\shequ\App\Lib\Widget\UserInfoWidget.class.php 第 8 行.
NOTIC: [2] extract() expects parameter 1 to be array, string given C:\wamp\www\shequ\ThinkPHP\Lib\Template\ThinkTemplate.class.php 第 82 行.
INFO: Run ParseTemplate Behavior [ RunTime:0.523030s ]
INFO: [ view_parse ] --END-- [ RunTime:0.525030s ]
INFO: [ view_filter ] --START--
INFO: Run ContentReplace Behavior [ RunTime:0.024001s ]
INFO: Run TokenBuild Behavior [ RunTime:0.048003s ]
INFO: Run WriteHtmlCache Behavior [ RunTime:0.033002s ]
INFO: Run ShowRuntime Behavior [ RunTime:0.024002s ]
INFO: [ view_filter ] --END-- [ RunTime:0.130008s ]
INFO: [ view_end ] --START--
INFO: Run ShowPageTrace Behavior [ RunTime:0.101005s ]
INFO: [ view_end ] --END-- [ RunTime:0.102005s ]

