[ 2014-08-28T21:07:42+08:00 ] 127.0.0.1 /shequ/Index/index
INFO: [ route_check ] --START--
INFO: Run CheckRoute Behavior [ RunTime:0.115007s ]
INFO: [ route_check ] --END-- [ RunTime:0.197012s ]
INFO: [ app_begin ] --START--
INFO: Run ReadHtmlCache Behavior [ RunTime:0.051003s ]
INFO: [ app_begin ] --END-- [ RunTime:0.052003s ]
INFO: [ view_template ] --START--
INFO: Run LocationTemplate Behavior [ RunTime:0.083005s ]
INFO: [ view_template ] --END-- [ RunTime:0.083005s ]
INFO: [ view_parse ] --START--
NOTIC: [8] Undefined index: isLogin C:\wamp\www\shequ\App\Runtime\Cache\f331a3f0d874c4248458495ef2c2c2d1.php 第 33 行.
NOTIC: [8] Undefined index: mid C:\wamp\www\shequ\App\Lib\Widget\UserInfoWidget.class.php 第 8 行.
NOTIC: [2] extract() expects parameter 1 to be array, string given C:\wamp\www\shequ\ThinkPHP\Lib\Template\ThinkTemplate.class.php 第 82 行.
INFO: Run ParseTemplate Behavior [ RunTime:0.927053s ]
INFO: [ view_parse ] --END-- [ RunTime:0.928053s ]
INFO: [ view_filter ] --START--
INFO: Run ContentReplace Behavior [ RunTime:0.019001s ]
INFO: Run TokenBuild Behavior [ RunTime:0.048003s ]
INFO: Run WriteHtmlCache Behavior [ RunTime:0.013000s ]
INFO: Run ShowRuntime Behavior [ RunTime:0.034002s ]
INFO: [ view_filter ] --END-- [ RunTime:0.115006s ]
INFO: [ view_end ] --START--
INFO: Run ShowPageTrace Behavior [ RunTime:0.045003s ]
INFO: [ view_end ] --END-- [ RunTime:0.046003s ]

[ 2014-08-28T21:07:50+08:00 ] 127.0.0.1 /shequ/index.php/User/login
INFO: [ route_check ] --START--
INFO: Run CheckRoute Behavior [ RunTime:0.002000s ]
INFO: [ route_check ] --END-- [ RunTime:0.002000s ]
INFO: [ app_begin ] --START--
INFO: Run ReadHtmlCache Behavior [ RunTime:0.002000s ]
INFO: [ app_begin ] --END-- [ RunTime:0.002000s ]
INFO: [ view_template ] --START--
INFO: Run LocationTemplate Behavior [ RunTime:0.073004s ]
INFO: [ view_template ] --END-- [ RunTime:0.074004s ]
INFO: [ view_parse ] --START--
NOTIC: [8] Undefined index: isLogin C:\wamp\www\shequ\App\Runtime\Cache\f0b6776c2e2528b7b581d55514547e92.php 第 33 行.
NOTIC: [8] Undefined index: mid C:\wamp\www\shequ\App\Lib\Widget\UserInfoWidget.class.php 第 8 行.
NOTIC: [2] extract() expects parameter 1 to be array, string given C:\wamp\www\shequ\ThinkPHP\Lib\Template\ThinkTemplate.class.php 第 82 行.
INFO: Run ParseTemplate Behavior [ RunTime:0.121007s ]
INFO: [ view_parse ] --END-- [ RunTime:0.121007s ]
INFO: [ view_filter ] --START--
INFO: Run ContentReplace Behavior [ RunTime:0.002000s ]
INFO: Run TokenBuild Behavior [ RunTime:0.002000s ]
INFO: Run WriteHtmlCache Behavior [ RunTime:0.001000s ]
INFO: Run ShowRuntime Behavior [ RunTime:0.002000s ]
INFO: [ view_filter ] --END-- [ RunTime:0.007000s ]
INFO: [ view_end ] --START--
INFO: Run ShowPageTrace Behavior [ RunTime:0.001001s ]
INFO: [ view_end ] --END-- [ RunTime:0.002001s ]

[ 2014-08-28T21:07:59+08:00 ] 127.0.0.1 /shequ/index.php/User/doLogin
INFO: [ route_check ] --START--
INFO: Run CheckRoute Behavior [ RunTime:0.002000s ]
INFO: [ route_check ] --END-- [ RunTime:0.002000s ]
INFO: [ app_begin ] --START--
INFO: Run ReadHtmlCache Behavior [ RunTime:0.001000s ]
INFO: [ app_begin ] --END-- [ RunTime:0.002000s ]
SQL: SHOW COLUMNS FROM `think_user` [ RunTime:1.092062s ]
SQL: SELECT * FROM `think_user` WHERE ( `email` = '928171466@qq.com' ) AND ( `password` = '4c47957804440bc6d66c6534568df676' ) LIMIT 1   [ RunTime:0.180010s ]
INFO: [ view_template ] --START--
INFO: Run LocationTemplate Behavior [ RunTime:0.060003s ]
INFO: [ view_template ] --END-- [ RunTime:0.061003s ]
INFO: [ view_parse ] --START--
INFO: Run ParseTemplate Behavior [ RunTime:0.054003s ]
INFO: [ view_parse ] --END-- [ RunTime:0.055003s ]
INFO: [ view_filter ] --START--
INFO: Run ContentReplace Behavior [ RunTime:0.004000s ]
INFO: Run TokenBuild Behavior [ RunTime:0.001000s ]
INFO: Run WriteHtmlCache Behavior [ RunTime:0.001000s ]
INFO: Run ShowRuntime Behavior [ RunTime:0.002000s ]
INFO: [ view_filter ] --END-- [ RunTime:0.009000s ]
INFO: [ view_end ] --START--
INFO: Run ShowPageTrace Behavior [ RunTime:0.001000s ]
INFO: [ view_end ] --END-- [ RunTime:0.003000s ]

[ 2014-08-28T21:08:01+08:00 ] 127.0.0.1 /shequ/index.php/Index/index
INFO: [ route_check ] --START--
INFO: Run CheckRoute Behavior [ RunTime:0.002000s ]
INFO: [ route_check ] --END-- [ RunTime:0.002000s ]
INFO: [ app_begin ] --START--
INFO: Run ReadHtmlCache Behavior [ RunTime:0.002000s ]
INFO: [ app_begin ] --END-- [ RunTime:0.002000s ]
INFO: [ view_template ] --START--
INFO: Run LocationTemplate Behavior [ RunTime:0.001000s ]
INFO: [ view_template ] --END-- [ RunTime:0.002000s ]
INFO: [ view_parse ] --START--
SQL: SHOW COLUMNS FROM `think_user` [ RunTime:0.005001s ]
SQL: SELECT * FROM `think_user` LIMIT 1   [ RunTime:0.002000s ]
NOTIC: [2] extract() expects parameter 1 to be array, null given C:\wamp\www\shequ\ThinkPHP\Lib\Template\ThinkTemplate.class.php 第 82 行.
NOTIC: [8] Undefined index: $description C:\wamp\www\shequ\App\Runtime\Cache\0607fb074d34dbebb41ad2c1e7ab7c0d.php 第 11 行.
NOTIC: [2] extract() expects parameter 1 to be array, string given C:\wamp\www\shequ\ThinkPHP\Lib\Template\ThinkTemplate.class.php 第 82 行.
INFO: Run ParseTemplate Behavior [ RunTime:0.431025s ]
INFO: [ view_parse ] --END-- [ RunTime:0.431025s ]
INFO: [ view_filter ] --START--
INFO: Run ContentReplace Behavior [ RunTime:0.001000s ]
INFO: Run TokenBuild Behavior [ RunTime:0.002000s ]
INFO: Run WriteHtmlCache Behavior [ RunTime:0.001000s ]
INFO: Run ShowRuntime Behavior [ RunTime:0.002000s ]
INFO: [ view_filter ] --END-- [ RunTime:0.006000s ]
INFO: [ view_end ] --START--
INFO: Run ShowPageTrace Behavior [ RunTime:0.002000s ]
INFO: [ view_end ] --END-- [ RunTime:0.002000s ]

[ 2014-08-28T21:08:17+08:00 ] 127.0.0.1 /shequ/index.php/User/setinfo
INFO: [ route_check ] --START--
INFO: Run CheckRoute Behavior [ RunTime:0.002001s ]
INFO: [ route_check ] --END-- [ RunTime:0.002001s ]
INFO: [ app_begin ] --START--
INFO: Run ReadHtmlCache Behavior [ RunTime:0.004000s ]
INFO: [ app_begin ] --END-- [ RunTime:0.004000s ]
INFO: [ view_template ] --START--
INFO: Run LocationTemplate Behavior [ RunTime:0.040002s ]
INFO: [ view_template ] --END-- [ RunTime:0.040002s ]
INFO: [ view_parse ] --START--
SQL: SHOW COLUMNS FROM `think_user` [ RunTime:0.005001s ]
SQL: SELECT * FROM `think_user` LIMIT 1   [ RunTime:0.001000s ]
NOTIC: [2] extract() expects parameter 1 to be array, null given C:\wamp\www\shequ\ThinkPHP\Lib\Template\ThinkTemplate.class.php 第 82 行.
NOTIC: [8] Undefined index: $description C:\wamp\www\shequ\App\Runtime\Cache\0607fb074d34dbebb41ad2c1e7ab7c0d.php 第 11 行.
NOTIC: [2] extract() expects parameter 1 to be array, string given C:\wamp\www\shequ\ThinkPHP\Lib\Template\ThinkTemplate.class.php 第 82 行.
INFO: Run ParseTemplate Behavior [ RunTime:0.163010s ]
INFO: [ view_parse ] --END-- [ RunTime:0.163010s ]
INFO: [ view_filter ] --START--
INFO: Run ContentReplace Behavior [ RunTime:0.002000s ]
INFO: Run TokenBuild Behavior [ RunTime:0.002000s ]
INFO: Run WriteHtmlCache Behavior [ RunTime:0.001000s ]
INFO: Run ShowRuntime Behavior [ RunTime:0.002000s ]
INFO: [ view_filter ] --END-- [ RunTime:0.007000s ]
INFO: [ view_end ] --START--
INFO: Run ShowPageTrace Behavior [ RunTime:0.001000s ]
INFO: [ view_end ] --END-- [ RunTime:0.002000s ]

[ 2014-08-28T21:08:19+08:00 ] 127.0.0.1 /shequ/index.php/User/message
INFO: [ route_check ] --START--
INFO: Run CheckRoute Behavior [ RunTime:0.002000s ]
INFO: [ route_check ] --END-- [ RunTime:0.003000s ]
INFO: [ app_begin ] --START--
INFO: Run ReadHtmlCache Behavior [ RunTime:0.002000s ]
INFO: [ app_begin ] --END-- [ RunTime:0.002000s ]
INFO: [ view_template ] --START--
INFO: Run LocationTemplate Behavior [ RunTime:0.027001s ]
INFO: [ view_template ] --END-- [ RunTime:0.028001s ]
INFO: [ view_parse ] --START--
SQL: SHOW COLUMNS FROM `think_user` [ RunTime:0.005001s ]
SQL: SELECT * FROM `think_user` LIMIT 1   [ RunTime:0.001000s ]
NOTIC: [2] extract() expects parameter 1 to be array, null given C:\wamp\www\shequ\ThinkPHP\Lib\Template\ThinkTemplate.class.php 第 82 行.
NOTIC: [8] Undefined index: $description C:\wamp\www\shequ\App\Runtime\Cache\0607fb074d34dbebb41ad2c1e7ab7c0d.php 第 11 行.
NOTIC: [2] extract() expects parameter 1 to be array, string given C:\wamp\www\shequ\ThinkPHP\Lib\Template\ThinkTemplate.class.php 第 82 行.
INFO: Run ParseTemplate Behavior [ RunTime:0.113007s ]
INFO: [ view_parse ] --END-- [ RunTime:0.113007s ]
INFO: [ view_filter ] --START--
INFO: Run ContentReplace Behavior [ RunTime:0.002000s ]
INFO: Run TokenBuild Behavior [ RunTime:0.001000s ]
INFO: Run WriteHtmlCache Behavior [ RunTime:0.001000s ]
INFO: Run ShowRuntime Behavior [ RunTime:0.002000s ]
INFO: [ view_filter ] --END-- [ RunTime:0.008000s ]
INFO: [ view_end ] --START--
INFO: Run ShowPageTrace Behavior [ RunTime:0.002000s ]
INFO: [ view_end ] --END-- [ RunTime:0.002000s ]

[ 2014-08-28T21:08:21+08:00 ] 127.0.0.1 /shequ/index.php/User/setinfo
INFO: [ route_check ] --START--
INFO: Run CheckRoute Behavior [ RunTime:0.002000s ]
INFO: [ route_check ] --END-- [ RunTime:0.002000s ]
INFO: [ app_begin ] --START--
INFO: Run ReadHtmlCache Behavior [ RunTime:0.002001s ]
INFO: [ app_begin ] --END-- [ RunTime:0.002001s ]
INFO: [ view_template ] --START--
INFO: Run LocationTemplate Behavior [ RunTime:0.001000s ]
INFO: [ view_template ] --END-- [ RunTime:0.001000s ]
INFO: [ view_parse ] --START--
SQL: SHOW COLUMNS FROM `think_user` [ RunTime:0.005000s ]
SQL: SELECT * FROM `think_user` LIMIT 1   [ RunTime:0.002000s ]
NOTIC: [2] extract() expects parameter 1 to be array, null given C:\wamp\www\shequ\ThinkPHP\Lib\Template\ThinkTemplate.class.php 第 82 行.
NOTIC: [8] Undefined index: $description C:\wamp\www\shequ\App\Runtime\Cache\0607fb074d34dbebb41ad2c1e7ab7c0d.php 第 11 行.
NOTIC: [2] extract() expects parameter 1 to be array, string given C:\wamp\www\shequ\ThinkPHP\Lib\Template\ThinkTemplate.class.php 第 82 行.
INFO: Run ParseTemplate Behavior [ RunTime:0.077004s ]
INFO: [ view_parse ] --END-- [ RunTime:0.077004s ]
INFO: [ view_filter ] --START--
INFO: Run ContentReplace Behavior [ RunTime:0.002000s ]
INFO: Run TokenBuild Behavior [ RunTime:0.001000s ]
INFO: Run WriteHtmlCache Behavior [ RunTime:0.001001s ]
INFO: Run ShowRuntime Behavior [ RunTime:0.001000s ]
INFO: [ view_filter ] --END-- [ RunTime:0.007001s ]
INFO: [ view_end ] --START--
INFO: Run ShowPageTrace Behavior [ RunTime:0.002000s ]
INFO: [ view_end ] --END-- [ RunTime:0.002000s ]

[ 2014-08-28T21:08:23+08:00 ] 127.0.0.1 /shequ/index.php/User/setavatar
INFO: [ route_check ] --START--
INFO: Run CheckRoute Behavior [ RunTime:0.002000s ]
INFO: [ route_check ] --END-- [ RunTime:0.002000s ]
INFO: [ app_begin ] --START--
INFO: Run ReadHtmlCache Behavior [ RunTime:0.002000s ]
INFO: [ app_begin ] --END-- [ RunTime:0.003000s ]
SQL: SHOW COLUMNS FROM `think_user` [ RunTime:0.006001s ]
SQL: SELECT * FROM `think_user` LIMIT 1   [ RunTime:0.001000s ]
INFO: [ view_template ] --START--
INFO: Run LocationTemplate Behavior [ RunTime:0.009000s ]
INFO: [ view_template ] --END-- [ RunTime:0.010000s ]
INFO: [ view_parse ] --START--
SQL: SHOW COLUMNS FROM `think_user` [ RunTime:0.006000s ]
SQL: SELECT * FROM `think_user` LIMIT 1   [ RunTime:0.002000s ]
NOTIC: [2] extract() expects parameter 1 to be array, null given C:\wamp\www\shequ\ThinkPHP\Lib\Template\ThinkTemplate.class.php 第 82 行.
NOTIC: [8] Undefined index: $description C:\wamp\www\shequ\App\Runtime\Cache\0607fb074d34dbebb41ad2c1e7ab7c0d.php 第 11 行.
NOTIC: [2] extract() expects parameter 1 to be array, string given C:\wamp\www\shequ\ThinkPHP\Lib\Template\ThinkTemplate.class.php 第 82 行.
INFO: Run ParseTemplate Behavior [ RunTime:0.086005s ]
INFO: [ view_parse ] --END-- [ RunTime:0.086005s ]
INFO: [ view_filter ] --START--
INFO: Run ContentReplace Behavior [ RunTime:0.002000s ]
INFO: Run TokenBuild Behavior [ RunTime:0.001000s ]
INFO: Run WriteHtmlCache Behavior [ RunTime:0.001000s ]
INFO: Run ShowRuntime Behavior [ RunTime:0.002001s ]
INFO: [ view_filter ] --END-- [ RunTime:0.006001s ]
INFO: [ view_end ] --START--
INFO: Run ShowPageTrace Behavior [ RunTime:0.002000s ]
INFO: [ view_end ] --END-- [ RunTime:0.002000s ]

[ 2014-08-28T21:08:23+08:00 ] ERR: (ThinkException) 非法操作:$
[ 2014-08-28T21:08:24+08:00 ] 127.0.0.1 /shequ/index.php/User/setpwd
INFO: [ route_check ] --START--
INFO: Run CheckRoute Behavior [ RunTime:0.002001s ]
INFO: [ route_check ] --END-- [ RunTime:0.002001s ]
INFO: [ app_begin ] --START--
INFO: Run ReadHtmlCache Behavior [ RunTime:0.002000s ]
INFO: [ app_begin ] --END-- [ RunTime:0.002000s ]
INFO: [ view_template ] --START--
INFO: Run LocationTemplate Behavior [ RunTime:0.013001s ]
INFO: [ view_template ] --END-- [ RunTime:0.014001s ]
INFO: [ view_parse ] --START--
SQL: SHOW COLUMNS FROM `think_user` [ RunTime:0.007000s ]
SQL: SELECT * FROM `think_user` LIMIT 1   [ RunTime:0.001000s ]
NOTIC: [2] extract() expects parameter 1 to be array, null given C:\wamp\www\shequ\ThinkPHP\Lib\Template\ThinkTemplate.class.php 第 82 行.
NOTIC: [8] Undefined index: $description C:\wamp\www\shequ\App\Runtime\Cache\0607fb074d34dbebb41ad2c1e7ab7c0d.php 第 11 行.
NOTIC: [2] extract() expects parameter 1 to be array, string given C:\wamp\www\shequ\ThinkPHP\Lib\Template\ThinkTemplate.class.php 第 82 行.
INFO: Run ParseTemplate Behavior [ RunTime:0.134007s ]
INFO: [ view_parse ] --END-- [ RunTime:0.134007s ]
INFO: [ view_filter ] --START--
INFO: Run ContentReplace Behavior [ RunTime:0.001000s ]
INFO: Run TokenBuild Behavior [ RunTime:0.002000s ]
INFO: Run WriteHtmlCache Behavior [ RunTime:0.002000s ]
INFO: Run ShowRuntime Behavior [ RunTime:0.002000s ]
INFO: [ view_filter ] --END-- [ RunTime:0.008001s ]
INFO: [ view_end ] --START--
INFO: Run ShowPageTrace Behavior [ RunTime:0.001000s ]
INFO: [ view_end ] --END-- [ RunTime:0.003000s ]

[ 2014-08-28T21:08:25+08:00 ] 127.0.0.1 /shequ/index.php/User/setbind
INFO: [ route_check ] --START--
INFO: Run CheckRoute Behavior [ RunTime:0.002000s ]
INFO: [ route_check ] --END-- [ RunTime:0.002000s ]
INFO: [ app_begin ] --START--
INFO: Run ReadHtmlCache Behavior [ RunTime:0.002000s ]
INFO: [ app_begin ] --END-- [ RunTime:0.002000s ]
INFO: [ view_template ] --START--
INFO: Run LocationTemplate Behavior [ RunTime:0.001000s ]
INFO: [ view_template ] --END-- [ RunTime:0.001000s ]
INFO: [ view_parse ] --START--
SQL: SHOW COLUMNS FROM `think_user` [ RunTime:0.006001s ]
SQL: SELECT * FROM `think_user` LIMIT 1   [ RunTime:0.002000s ]
NOTIC: [2] extract() expects parameter 1 to be array, null given C:\wamp\www\shequ\ThinkPHP\Lib\Template\ThinkTemplate.class.php 第 82 行.
NOTIC: [8] Undefined index: $description C:\wamp\www\shequ\App\Runtime\Cache\0607fb074d34dbebb41ad2c1e7ab7c0d.php 第 11 行.
NOTIC: [2] extract() expects parameter 1 to be array, string given C:\wamp\www\shequ\ThinkPHP\Lib\Template\ThinkTemplate.class.php 第 82 行.
INFO: Run ParseTemplate Behavior [ RunTime:0.108006s ]
INFO: [ view_parse ] --END-- [ RunTime:0.108006s ]
INFO: [ view_filter ] --START--
INFO: Run ContentReplace Behavior [ RunTime:0.001000s ]
INFO: Run TokenBuild Behavior [ RunTime:0.002000s ]
INFO: Run WriteHtmlCache Behavior [ RunTime:0.001000s ]
INFO: Run ShowRuntime Behavior [ RunTime:0.002000s ]
INFO: [ view_filter ] --END-- [ RunTime:0.007000s ]
INFO: [ view_end ] --START--
INFO: Run ShowPageTrace Behavior [ RunTime:0.002000s ]
INFO: [ view_end ] --END-- [ RunTime:0.003000s ]

[ 2014-08-28T21:08:26+08:00 ] 127.0.0.1 /shequ/index.php/User/setinfo
INFO: [ route_check ] --START--
INFO: Run CheckRoute Behavior [ RunTime:0.002000s ]
INFO: [ route_check ] --END-- [ RunTime:0.002000s ]
INFO: [ app_begin ] --START--
INFO: Run ReadHtmlCache Behavior [ RunTime:0.002000s ]
INFO: [ app_begin ] --END-- [ RunTime:0.002000s ]
INFO: [ view_template ] --START--
INFO: Run LocationTemplate Behavior [ RunTime:0.002000s ]
INFO: [ view_template ] --END-- [ RunTime:0.002000s ]
INFO: [ view_parse ] --START--
SQL: SHOW COLUMNS FROM `think_user` [ RunTime:0.005001s ]
SQL: SELECT * FROM `think_user` LIMIT 1   [ RunTime:0.005000s ]
NOTIC: [2] extract() expects parameter 1 to be array, null given C:\wamp\www\shequ\ThinkPHP\Lib\Template\ThinkTemplate.class.php 第 82 行.
NOTIC: [8] Undefined index: $description C:\wamp\www\shequ\App\Runtime\Cache\0607fb074d34dbebb41ad2c1e7ab7c0d.php 第 11 行.
NOTIC: [2] extract() expects parameter 1 to be array, string given C:\wamp\www\shequ\ThinkPHP\Lib\Template\ThinkTemplate.class.php 第 82 行.
INFO: Run ParseTemplate Behavior [ RunTime:0.076005s ]
INFO: [ view_parse ] --END-- [ RunTime:0.076005s ]
INFO: [ view_filter ] --START--
INFO: Run ContentReplace Behavior [ RunTime:0.001000s ]
INFO: Run TokenBuild Behavior [ RunTime:0.002000s ]
INFO: Run WriteHtmlCache Behavior [ RunTime:0.001000s ]
INFO: Run ShowRuntime Behavior [ RunTime:0.002000s ]
INFO: [ view_filter ] --END-- [ RunTime:0.006000s ]
INFO: [ view_end ] --START--
INFO: Run ShowPageTrace Behavior [ RunTime:0.001000s ]
INFO: [ view_end ] --END-- [ RunTime:0.001000s ]

[ 2014-08-28T21:08:28+08:00 ] 127.0.0.1 /shequ/index.php/User/setavatar
INFO: [ route_check ] --START--
INFO: Run CheckRoute Behavior [ RunTime:0.002000s ]
INFO: [ route_check ] --END-- [ RunTime:0.002000s ]
INFO: [ app_begin ] --START--
INFO: Run ReadHtmlCache Behavior [ RunTime:0.003000s ]
INFO: [ app_begin ] --END-- [ RunTime:0.004000s ]
SQL: SHOW COLUMNS FROM `think_user` [ RunTime:0.006001s ]
SQL: SELECT * FROM `think_user` LIMIT 1   [ RunTime:0.004000s ]
INFO: [ view_template ] --START--
INFO: Run LocationTemplate Behavior [ RunTime:0.002000s ]
INFO: [ view_template ] --END-- [ RunTime:0.002000s ]
INFO: [ view_parse ] --START--
SQL: SHOW COLUMNS FROM `think_user` [ RunTime:0.008001s ]
SQL: SELECT * FROM `think_user` LIMIT 1   [ RunTime:0.004000s ]
NOTIC: [2] extract() expects parameter 1 to be array, null given C:\wamp\www\shequ\ThinkPHP\Lib\Template\ThinkTemplate.class.php 第 82 行.
NOTIC: [8] Undefined index: $description C:\wamp\www\shequ\App\Runtime\Cache\0607fb074d34dbebb41ad2c1e7ab7c0d.php 第 11 行.
NOTIC: [2] extract() expects parameter 1 to be array, string given C:\wamp\www\shequ\ThinkPHP\Lib\Template\ThinkTemplate.class.php 第 82 行.
INFO: Run ParseTemplate Behavior [ RunTime:0.066004s ]
INFO: [ view_parse ] --END-- [ RunTime:0.066004s ]
INFO: [ view_filter ] --START--
INFO: Run ContentReplace Behavior [ RunTime:0.001000s ]
INFO: Run TokenBuild Behavior [ RunTime:0.001000s ]
INFO: Run WriteHtmlCache Behavior [ RunTime:0.001000s ]
INFO: Run ShowRuntime Behavior [ RunTime:0.002000s ]
INFO: [ view_filter ] --END-- [ RunTime:0.007000s ]
INFO: [ view_end ] --START--
INFO: Run ShowPageTrace Behavior [ RunTime:0.001000s ]
INFO: [ view_end ] --END-- [ RunTime:0.002000s ]

[ 2014-08-28T21:08:28+08:00 ] ERR: (ThinkException) 非法操作:$
[ 2014-08-28T21:08:29+08:00 ] 127.0.0.1 /shequ/index.php/User/setpwd
INFO: [ route_check ] --START--
INFO: Run CheckRoute Behavior [ RunTime:0.002000s ]
INFO: [ route_check ] --END-- [ RunTime:0.003000s ]
INFO: [ app_begin ] --START--
INFO: Run ReadHtmlCache Behavior [ RunTime:0.002000s ]
INFO: [ app_begin ] --END-- [ RunTime:0.002000s ]
INFO: [ view_template ] --START--
INFO: Run LocationTemplate Behavior [ RunTime:0.001000s ]
INFO: [ view_template ] --END-- [ RunTime:0.001000s ]
INFO: [ view_parse ] --START--
SQL: SHOW COLUMNS FROM `think_user` [ RunTime:0.005000s ]
SQL: SELECT * FROM `think_user` LIMIT 1   [ RunTime:0.002001s ]
NOTIC: [2] extract() expects parameter 1 to be array, null given C:\wamp\www\shequ\ThinkPHP\Lib\Template\ThinkTemplate.class.php 第 82 行.
NOTIC: [8] Undefined index: $description C:\wamp\www\shequ\App\Runtime\Cache\0607fb074d34dbebb41ad2c1e7ab7c0d.php 第 11 行.
NOTIC: [2] extract() expects parameter 1 to be array, string given C:\wamp\www\shequ\ThinkPHP\Lib\Template\ThinkTemplate.class.php 第 82 行.
INFO: Run ParseTemplate Behavior [ RunTime:0.073004s ]
INFO: [ view_parse ] --END-- [ RunTime:0.073004s ]
INFO: [ view_filter ] --START--
INFO: Run ContentReplace Behavior [ RunTime:0.002000s ]
INFO: Run TokenBuild Behavior [ RunTime:0.001001s ]
INFO: Run WriteHtmlCache Behavior [ RunTime:0.000000s ]
INFO: Run ShowRuntime Behavior [ RunTime:0.002000s ]
INFO: [ view_filter ] --END-- [ RunTime:0.019001s ]
INFO: [ view_end ] --START--
INFO: Run ShowPageTrace Behavior [ RunTime:0.002000s ]
INFO: [ view_end ] --END-- [ RunTime:0.002000s ]

[ 2014-08-28T21:08:30+08:00 ] 127.0.0.1 /shequ/index.php/User/setinfo
INFO: [ route_check ] --START--
INFO: Run CheckRoute Behavior [ RunTime:0.002000s ]
INFO: [ route_check ] --END-- [ RunTime:0.002000s ]
INFO: [ app_begin ] --START--
INFO: Run ReadHtmlCache Behavior [ RunTime:0.002000s ]
INFO: [ app_begin ] --END-- [ RunTime:0.002000s ]
INFO: [ view_template ] --START--
INFO: Run LocationTemplate Behavior [ RunTime:0.001000s ]
INFO: [ view_template ] --END-- [ RunTime:0.002000s ]
INFO: [ view_parse ] --START--
SQL: SHOW COLUMNS FROM `think_user` [ RunTime:0.005000s ]
SQL: SELECT * FROM `think_user` LIMIT 1   [ RunTime:0.003001s ]
NOTIC: [2] extract() expects parameter 1 to be array, null given C:\wamp\www\shequ\ThinkPHP\Lib\Template\ThinkTemplate.class.php 第 82 行.
NOTIC: [8] Undefined index: $description C:\wamp\www\shequ\App\Runtime\Cache\0607fb074d34dbebb41ad2c1e7ab7c0d.php 第 11 行.
NOTIC: [2] extract() expects parameter 1 to be array, string given C:\wamp\www\shequ\ThinkPHP\Lib\Template\ThinkTemplate.class.php 第 82 行.
INFO: Run ParseTemplate Behavior [ RunTime:0.081004s ]
INFO: [ view_parse ] --END-- [ RunTime:0.081004s ]
INFO: [ view_filter ] --START--
INFO: Run ContentReplace Behavior [ RunTime:0.002001s ]
INFO: Run TokenBuild Behavior [ RunTime:0.001000s ]
INFO: Run WriteHtmlCache Behavior [ RunTime:0.001000s ]
INFO: Run ShowRuntime Behavior [ RunTime:0.001000s ]
INFO: [ view_filter ] --END-- [ RunTime:0.007001s ]
INFO: [ view_end ] --START--
INFO: Run ShowPageTrace Behavior [ RunTime:0.002000s ]
INFO: [ view_end ] --END-- [ RunTime:0.002000s ]

[ 2014-08-28T21:08:31+08:00 ] 127.0.0.1 /shequ/index.php/User/setbind
INFO: [ route_check ] --START--
INFO: Run CheckRoute Behavior [ RunTime:0.002000s ]
INFO: [ route_check ] --END-- [ RunTime:0.002000s ]
INFO: [ app_begin ] --START--
INFO: Run ReadHtmlCache Behavior [ RunTime:0.004000s ]
INFO: [ app_begin ] --END-- [ RunTime:0.004000s ]
INFO: [ view_template ] --START--
INFO: Run LocationTemplate Behavior [ RunTime:0.001000s ]
INFO: [ view_template ] --END-- [ RunTime:0.002000s ]
INFO: [ view_parse ] --START--
SQL: SHOW COLUMNS FROM `think_user` [ RunTime:0.005000s ]
SQL: SELECT * FROM `think_user` LIMIT 1   [ RunTime:0.003000s ]
NOTIC: [2] extract() expects parameter 1 to be array, null given C:\wamp\www\shequ\ThinkPHP\Lib\Template\ThinkTemplate.class.php 第 82 行.
NOTIC: [8] Undefined index: $description C:\wamp\www\shequ\App\Runtime\Cache\0607fb074d34dbebb41ad2c1e7ab7c0d.php 第 11 行.
NOTIC: [2] extract() expects parameter 1 to be array, string given C:\wamp\www\shequ\ThinkPHP\Lib\Template\ThinkTemplate.class.php 第 82 行.
INFO: Run ParseTemplate Behavior [ RunTime:0.089005s ]
INFO: [ view_parse ] --END-- [ RunTime:0.090005s ]
INFO: [ view_filter ] --START--
INFO: Run ContentReplace Behavior [ RunTime:0.001000s ]
INFO: Run TokenBuild Behavior [ RunTime:0.001000s ]
INFO: Run WriteHtmlCache Behavior [ RunTime:0.001000s ]
INFO: Run ShowRuntime Behavior [ RunTime:0.001000s ]
INFO: [ view_filter ] --END-- [ RunTime:0.006001s ]
INFO: [ view_end ] --START--
INFO: Run ShowPageTrace Behavior [ RunTime:0.001000s ]
INFO: [ view_end ] --END-- [ RunTime:0.002000s ]

[ 2014-08-28T21:08:32+08:00 ] 127.0.0.1 /shequ/index.php/Index/index
INFO: [ route_check ] --START--
INFO: Run CheckRoute Behavior [ RunTime:0.002001s ]
INFO: [ route_check ] --END-- [ RunTime:0.003001s ]
INFO: [ app_begin ] --START--
INFO: Run ReadHtmlCache Behavior [ RunTime:0.002000s ]
INFO: [ app_begin ] --END-- [ RunTime:0.002000s ]
INFO: [ view_template ] --START--
INFO: Run LocationTemplate Behavior [ RunTime:0.002000s ]
INFO: [ view_template ] --END-- [ RunTime:0.002000s ]
INFO: [ view_parse ] --START--
SQL: SHOW COLUMNS FROM `think_user` [ RunTime:0.012000s ]
SQL: SELECT * FROM `think_user` LIMIT 1   [ RunTime:0.001000s ]
NOTIC: [2] extract() expects parameter 1 to be array, null given C:\wamp\www\shequ\ThinkPHP\Lib\Template\ThinkTemplate.class.php 第 82 行.
NOTIC: [8] Undefined index: $description C:\wamp\www\shequ\App\Runtime\Cache\0607fb074d34dbebb41ad2c1e7ab7c0d.php 第 11 行.
NOTIC: [2] extract() expects parameter 1 to be array, string given C:\wamp\www\shequ\ThinkPHP\Lib\Template\ThinkTemplate.class.php 第 82 行.
INFO: Run ParseTemplate Behavior [ RunTime:0.104006s ]
INFO: [ view_parse ] --END-- [ RunTime:0.105006s ]
INFO: [ view_filter ] --START--
INFO: Run ContentReplace Behavior [ RunTime:0.002000s ]
INFO: Run TokenBuild Behavior [ RunTime:0.002000s ]
INFO: Run WriteHtmlCache Behavior [ RunTime:0.001000s ]
INFO: Run ShowRuntime Behavior [ RunTime:0.002001s ]
INFO: [ view_filter ] --END-- [ RunTime:0.007001s ]
INFO: [ view_end ] --START--
INFO: Run ShowPageTrace Behavior [ RunTime:0.002000s ]
INFO: [ view_end ] --END-- [ RunTime:0.002000s ]

[ 2014-08-28T21:08:44+08:00 ] 127.0.0.1 /shequ/index.php/Special/index
INFO: [ route_check ] --START--
INFO: Run CheckRoute Behavior [ RunTime:0.002000s ]
INFO: [ route_check ] --END-- [ RunTime:0.003000s ]
INFO: [ app_begin ] --START--
INFO: Run ReadHtmlCache Behavior [ RunTime:0.001000s ]
INFO: [ app_begin ] --END-- [ RunTime:0.002000s ]
INFO: [ view_template ] --START--
INFO: Run LocationTemplate Behavior [ RunTime:0.002000s ]
INFO: [ view_template ] --END-- [ RunTime:0.002000s ]
INFO: [ view_parse ] --START--
INFO: Run ParseTemplate Behavior [ RunTime:0.085004s ]
INFO: [ view_parse ] --END-- [ RunTime:0.085004s ]
INFO: [ view_filter ] --START--
INFO: Run ContentReplace Behavior [ RunTime:0.002000s ]
INFO: Run TokenBuild Behavior [ RunTime:0.001001s ]
INFO: Run WriteHtmlCache Behavior [ RunTime:0.001000s ]
INFO: Run ShowRuntime Behavior [ RunTime:0.002000s ]
INFO: [ view_filter ] --END-- [ RunTime:0.007001s ]
INFO: [ view_end ] --START--
INFO: Run ShowPageTrace Behavior [ RunTime:0.002000s ]
INFO: [ view_end ] --END-- [ RunTime:0.002000s ]

