[ 2014-12-14T22:19:38+08:00 ] 127.0.0.1 /shequ/
INFO: [ app_begin ] --START--
INFO: Run ReadHtmlCache Behavior [ RunTime:0.052003s ]
INFO: [ app_begin ] --END-- [ RunTime:0.072004s ]
INFO: [ view_template ] --START--
INFO: Run LocationTemplate Behavior [ RunTime:0.087005s ]
INFO: [ view_template ] --END-- [ RunTime:0.087005s ]
INFO: [ view_parse ] --START--
NOTIC: [8] Undefined index: isLogin C:\wamp\www\shequ\App\Runtime\Cache\f331a3f0d874c4248458495ef2c2c2d1.php 第 33 行.
NOTIC: [8] Undefined index: mid C:\wamp\www\shequ\App\Lib\Widget\UserInfoWidget.class.php 第 8 行.
NOTIC: [2] extract() expects parameter 1 to be array, string given C:\wamp\www\shequ\ThinkPHP\Lib\Template\ThinkTemplate.class.php 第 82 行.
INFO: Run ParseTemplate Behavior [ RunTime:0.736042s ]
INFO: [ view_parse ] --END-- [ RunTime:0.737042s ]
INFO: [ view_filter ] --START--
INFO: Run ContentReplace Behavior [ RunTime:0.022001s ]
INFO: Run TokenBuild Behavior [ RunTime:0.039003s ]
INFO: Run WriteHtmlCache Behavior [ RunTime:0.012000s ]
INFO: Run ShowRuntime Behavior [ RunTime:0.012001s ]
INFO: [ view_filter ] --END-- [ RunTime:0.087005s ]
INFO: [ view_end ] --START--
INFO: Run ShowPageTrace Behavior [ RunTime:0.033002s ]
INFO: [ view_end ] --END-- [ RunTime:0.033002s ]

[ 2014-12-14T22:19:42+08:00 ] 127.0.0.1 /shequ/index.php/User/login
INFO: [ route_check ] --START--
INFO: Run CheckRoute Behavior [ RunTime:0.023002s ]
INFO: [ route_check ] --END-- [ RunTime:0.024002s ]
INFO: [ app_begin ] --START--
INFO: Run ReadHtmlCache Behavior [ RunTime:0.003000s ]
INFO: [ app_begin ] --END-- [ RunTime:0.003000s ]
INFO: [ view_template ] --START--
INFO: Run LocationTemplate Behavior [ RunTime:0.082005s ]
INFO: [ view_template ] --END-- [ RunTime:0.082005s ]
INFO: [ view_parse ] --START--
NOTIC: [8] Undefined index: isLogin C:\wamp\www\shequ\App\Runtime\Cache\f0b6776c2e2528b7b581d55514547e92.php 第 33 行.
NOTIC: [8] Undefined index: mid C:\wamp\www\shequ\App\Lib\Widget\UserInfoWidget.class.php 第 8 行.
NOTIC: [2] extract() expects parameter 1 to be array, string given C:\wamp\www\shequ\ThinkPHP\Lib\Template\ThinkTemplate.class.php 第 82 行.
INFO: Run ParseTemplate Behavior [ RunTime:0.141008s ]
INFO: [ view_parse ] --END-- [ RunTime:0.144008s ]
INFO: [ view_filter ] --START--
INFO: Run ContentReplace Behavior [ RunTime:0.002000s ]
INFO: Run TokenBuild Behavior [ RunTime:0.003000s ]
INFO: Run WriteHtmlCache Behavior [ RunTime:0.003001s ]
INFO: Run ShowRuntime Behavior [ RunTime:0.002000s ]
INFO: [ view_filter ] --END-- [ RunTime:0.011001s ]
INFO: [ view_end ] --START--
INFO: Run ShowPageTrace Behavior [ RunTime:0.002000s ]
INFO: [ view_end ] --END-- [ RunTime:0.003000s ]

[ 2014-12-14T22:19:45+08:00 ] 127.0.0.1 /shequ/index.php/User/doLogin
INFO: [ route_check ] --START--
INFO: Run CheckRoute Behavior [ RunTime:0.004000s ]
INFO: [ route_check ] --END-- [ RunTime:0.005000s ]
INFO: [ app_begin ] --START--
INFO: Run ReadHtmlCache Behavior [ RunTime:0.002000s ]
INFO: [ app_begin ] --END-- [ RunTime:0.002000s ]
SQL: SHOW COLUMNS FROM `think_user` [ RunTime:0.120007s ]
SQL: SELECT * FROM `think_user` WHERE ( `email` = '928171466@qq.com' ) AND ( `password` = '4c47957804440bc6d66c6534568df676' ) LIMIT 1   [ RunTime:0.002000s ]
INFO: [ view_template ] --START--
INFO: Run LocationTemplate Behavior [ RunTime:0.030002s ]
INFO: [ view_template ] --END-- [ RunTime:0.030002s ]
INFO: [ view_parse ] --START--
INFO: Run ParseTemplate Behavior [ RunTime:0.058003s ]
INFO: [ view_parse ] --END-- [ RunTime:0.058003s ]
INFO: [ view_filter ] --START--
INFO: Run ContentReplace Behavior [ RunTime:0.002000s ]
INFO: Run TokenBuild Behavior [ RunTime:0.002001s ]
INFO: Run WriteHtmlCache Behavior [ RunTime:0.002000s ]
INFO: Run ShowRuntime Behavior [ RunTime:0.002000s ]
INFO: [ view_filter ] --END-- [ RunTime:0.009001s ]
INFO: [ view_end ] --START--
INFO: Run ShowPageTrace Behavior [ RunTime:0.002000s ]
INFO: [ view_end ] --END-- [ RunTime:0.002000s ]

[ 2014-12-14T22:19:46+08:00 ] 127.0.0.1 /shequ/index.php/Index/index
INFO: [ route_check ] --START--
INFO: Run CheckRoute Behavior [ RunTime:0.004000s ]
INFO: [ route_check ] --END-- [ RunTime:0.004000s ]
INFO: [ app_begin ] --START--
INFO: Run ReadHtmlCache Behavior [ RunTime:0.002000s ]
INFO: [ app_begin ] --END-- [ RunTime:0.003000s ]
INFO: [ view_template ] --START--
INFO: Run LocationTemplate Behavior [ RunTime:0.003001s ]
INFO: [ view_template ] --END-- [ RunTime:0.003001s ]
INFO: [ view_parse ] --START--
SQL: SHOW COLUMNS FROM `think_user` [ RunTime:0.006000s ]
SQL: SELECT * FROM `think_user` LIMIT 1   [ RunTime:0.003000s ]
NOTIC: [2] extract() expects parameter 1 to be array, null given C:\wamp\www\shequ\ThinkPHP\Lib\Template\ThinkTemplate.class.php 第 82 行.
NOTIC: [8] Undefined index: $description C:\wamp\www\shequ\App\Runtime\Cache\0607fb074d34dbebb41ad2c1e7ab7c0d.php 第 11 行.
NOTIC: [2] extract() expects parameter 1 to be array, string given C:\wamp\www\shequ\ThinkPHP\Lib\Template\ThinkTemplate.class.php 第 82 行.
INFO: Run ParseTemplate Behavior [ RunTime:0.128007s ]
INFO: [ view_parse ] --END-- [ RunTime:0.129007s ]
INFO: [ view_filter ] --START--
INFO: Run ContentReplace Behavior [ RunTime:0.001000s ]
INFO: Run TokenBuild Behavior [ RunTime:0.002000s ]
INFO: Run WriteHtmlCache Behavior [ RunTime:0.001000s ]
INFO: Run ShowRuntime Behavior [ RunTime:0.002000s ]
INFO: [ view_filter ] --END-- [ RunTime:0.008000s ]
INFO: [ view_end ] --START--
INFO: Run ShowPageTrace Behavior [ RunTime:0.002000s ]
INFO: [ view_end ] --END-- [ RunTime:0.003001s ]

[ 2014-12-14T22:19:49+08:00 ] 127.0.0.1 /shequ/index.php/Index/index
INFO: [ route_check ] --START--
INFO: Run CheckRoute Behavior [ RunTime:0.002000s ]
INFO: [ route_check ] --END-- [ RunTime:0.003000s ]
INFO: [ app_begin ] --START--
INFO: Run ReadHtmlCache Behavior [ RunTime:0.002001s ]
INFO: [ app_begin ] --END-- [ RunTime:0.003001s ]
INFO: [ view_template ] --START--
INFO: Run LocationTemplate Behavior [ RunTime:0.002000s ]
INFO: [ view_template ] --END-- [ RunTime:0.003000s ]
INFO: [ view_parse ] --START--
SQL: SHOW COLUMNS FROM `think_user` [ RunTime:0.006000s ]
SQL: SELECT * FROM `think_user` LIMIT 1   [ RunTime:0.002001s ]
NOTIC: [2] extract() expects parameter 1 to be array, null given C:\wamp\www\shequ\ThinkPHP\Lib\Template\ThinkTemplate.class.php 第 82 行.
NOTIC: [8] Undefined index: $description C:\wamp\www\shequ\App\Runtime\Cache\0607fb074d34dbebb41ad2c1e7ab7c0d.php 第 11 行.
NOTIC: [2] extract() expects parameter 1 to be array, string given C:\wamp\www\shequ\ThinkPHP\Lib\Template\ThinkTemplate.class.php 第 82 行.
INFO: Run ParseTemplate Behavior [ RunTime:0.095006s ]
INFO: [ view_parse ] --END-- [ RunTime:0.095006s ]
INFO: [ view_filter ] --START--
INFO: Run ContentReplace Behavior [ RunTime:0.002000s ]
INFO: Run TokenBuild Behavior [ RunTime:0.001000s ]
INFO: Run WriteHtmlCache Behavior [ RunTime:0.001000s ]
INFO: Run ShowRuntime Behavior [ RunTime:0.003000s ]
INFO: [ view_filter ] --END-- [ RunTime:0.008000s ]
INFO: [ view_end ] --START--
INFO: Run ShowPageTrace Behavior [ RunTime:0.002000s ]
INFO: [ view_end ] --END-- [ RunTime:0.002000s ]

[ 2014-12-14T22:19:51+08:00 ] 127.0.0.1 /shequ/index.php/Topic/addtopic
INFO: [ route_check ] --START--
INFO: Run CheckRoute Behavior [ RunTime:0.002000s ]
INFO: [ route_check ] --END-- [ RunTime:0.003000s ]
INFO: [ app_begin ] --START--
INFO: Run ReadHtmlCache Behavior [ RunTime:0.004000s ]
INFO: [ app_begin ] --END-- [ RunTime:0.004000s ]
SQL: SHOW COLUMNS FROM `think_category` [ RunTime:0.107006s ]
SQL: SELECT `name` FROM `think_category`  [ RunTime:0.003000s ]
INFO: [ view_template ] --START--
INFO: Run LocationTemplate Behavior [ RunTime:0.063004s ]
INFO: [ view_template ] --END-- [ RunTime:0.064004s ]
INFO: [ view_parse ] --START--
NOTIC: [8] Undefined index: id C:\wamp\www\shequ\App\Runtime\Cache\201f30b9ede6c9e6a3430e4ff086e925.php 第 86 行.
NOTIC: [8] Undefined index: id C:\wamp\www\shequ\App\Runtime\Cache\201f30b9ede6c9e6a3430e4ff086e925.php 第 86 行.
NOTIC: [8] Undefined index: id C:\wamp\www\shequ\App\Runtime\Cache\201f30b9ede6c9e6a3430e4ff086e925.php 第 86 行.
SQL: SHOW COLUMNS FROM `think_user` [ RunTime:0.007000s ]
SQL: SELECT * FROM `think_user` LIMIT 1   [ RunTime:0.002000s ]
NOTIC: [2] extract() expects parameter 1 to be array, null given C:\wamp\www\shequ\ThinkPHP\Lib\Template\ThinkTemplate.class.php 第 82 行.
NOTIC: [8] Undefined index: $description C:\wamp\www\shequ\App\Runtime\Cache\0607fb074d34dbebb41ad2c1e7ab7c0d.php 第 11 行.
NOTIC: [2] extract() expects parameter 1 to be array, string given C:\wamp\www\shequ\ThinkPHP\Lib\Template\ThinkTemplate.class.php 第 82 行.
INFO: Run ParseTemplate Behavior [ RunTime:0.122007s ]
INFO: [ view_parse ] --END-- [ RunTime:0.122007s ]
INFO: [ view_filter ] --START--
INFO: Run ContentReplace Behavior [ RunTime:0.004000s ]
INFO: Run TokenBuild Behavior [ RunTime:0.002000s ]
INFO: Run WriteHtmlCache Behavior [ RunTime:0.002000s ]
INFO: Run ShowRuntime Behavior [ RunTime:0.002000s ]
INFO: [ view_filter ] --END-- [ RunTime:0.010000s ]
INFO: [ view_end ] --START--
INFO: Run ShowPageTrace Behavior [ RunTime:0.002001s ]
INFO: [ view_end ] --END-- [ RunTime:0.002001s ]

[ 2014-12-14T22:19:54+08:00 ] 127.0.0.1 /shequ/index.php/Index/index
INFO: [ route_check ] --START--
INFO: Run CheckRoute Behavior [ RunTime:0.002000s ]
INFO: [ route_check ] --END-- [ RunTime:0.002000s ]
INFO: [ app_begin ] --START--
INFO: Run ReadHtmlCache Behavior [ RunTime:0.002000s ]
INFO: [ app_begin ] --END-- [ RunTime:0.003000s ]
INFO: [ view_template ] --START--
INFO: Run LocationTemplate Behavior [ RunTime:0.003000s ]
INFO: [ view_template ] --END-- [ RunTime:0.003000s ]
INFO: [ view_parse ] --START--
SQL: SHOW COLUMNS FROM `think_user` [ RunTime:0.006001s ]
SQL: SELECT * FROM `think_user` LIMIT 1   [ RunTime:0.004000s ]
NOTIC: [2] extract() expects parameter 1 to be array, null given C:\wamp\www\shequ\ThinkPHP\Lib\Template\ThinkTemplate.class.php 第 82 行.
NOTIC: [8] Undefined index: $description C:\wamp\www\shequ\App\Runtime\Cache\0607fb074d34dbebb41ad2c1e7ab7c0d.php 第 11 行.
NOTIC: [2] extract() expects parameter 1 to be array, string given C:\wamp\www\shequ\ThinkPHP\Lib\Template\ThinkTemplate.class.php 第 82 行.
INFO: Run ParseTemplate Behavior [ RunTime:0.109006s ]
INFO: [ view_parse ] --END-- [ RunTime:0.110006s ]
INFO: [ view_filter ] --START--
INFO: Run ContentReplace Behavior [ RunTime:0.002000s ]
INFO: Run TokenBuild Behavior [ RunTime:0.003000s ]
INFO: Run WriteHtmlCache Behavior [ RunTime:0.001000s ]
INFO: Run ShowRuntime Behavior [ RunTime:0.002001s ]
INFO: [ view_filter ] --END-- [ RunTime:0.010001s ]
INFO: [ view_end ] --START--
INFO: Run ShowPageTrace Behavior [ RunTime:0.002000s ]
INFO: [ view_end ] --END-- [ RunTime:0.003000s ]

[ 2014-12-14T22:19:57+08:00 ] 127.0.0.1 /shequ/index.php/User/issue
INFO: [ route_check ] --START--
INFO: Run CheckRoute Behavior [ RunTime:0.002000s ]
INFO: [ route_check ] --END-- [ RunTime:0.003000s ]
INFO: [ app_begin ] --START--
INFO: Run ReadHtmlCache Behavior [ RunTime:0.002001s ]
INFO: [ app_begin ] --END-- [ RunTime:0.004001s ]
INFO: [ view_template ] --START--
INFO: Run LocationTemplate Behavior [ RunTime:0.022001s ]
INFO: [ view_template ] --END-- [ RunTime:0.022001s ]
INFO: [ view_parse ] --START--
SQL: SHOW COLUMNS FROM `think_user` [ RunTime:0.005000s ]
SQL: SELECT * FROM `think_user` LIMIT 1   [ RunTime:0.002000s ]
NOTIC: [2] extract() expects parameter 1 to be array, null given C:\wamp\www\shequ\ThinkPHP\Lib\Template\ThinkTemplate.class.php 第 82 行.
NOTIC: [8] Undefined index: $description C:\wamp\www\shequ\App\Runtime\Cache\0607fb074d34dbebb41ad2c1e7ab7c0d.php 第 11 行.
NOTIC: [2] extract() expects parameter 1 to be array, string given C:\wamp\www\shequ\ThinkPHP\Lib\Template\ThinkTemplate.class.php 第 82 行.
INFO: Run ParseTemplate Behavior [ RunTime:0.138008s ]
INFO: [ view_parse ] --END-- [ RunTime:0.138008s ]
INFO: [ view_filter ] --START--
INFO: Run ContentReplace Behavior [ RunTime:0.003000s ]
INFO: Run TokenBuild Behavior [ RunTime:0.002000s ]
INFO: Run WriteHtmlCache Behavior [ RunTime:0.001000s ]
INFO: Run ShowRuntime Behavior [ RunTime:0.002001s ]
INFO: [ view_filter ] --END-- [ RunTime:0.010001s ]
INFO: [ view_end ] --START--
INFO: Run ShowPageTrace Behavior [ RunTime:0.002000s ]
INFO: [ view_end ] --END-- [ RunTime:0.003000s ]

[ 2014-12-14T22:20:01+08:00 ] 127.0.0.1 /shequ/index.php/User/setinfo
INFO: [ route_check ] --START--
INFO: Run CheckRoute Behavior [ RunTime:0.002001s ]
INFO: [ route_check ] --END-- [ RunTime:0.002001s ]
INFO: [ app_begin ] --START--
INFO: Run ReadHtmlCache Behavior [ RunTime:0.004000s ]
INFO: [ app_begin ] --END-- [ RunTime:0.004000s ]
INFO: [ view_template ] --START--
INFO: Run LocationTemplate Behavior [ RunTime:0.021001s ]
INFO: [ view_template ] --END-- [ RunTime:0.021001s ]
INFO: [ view_parse ] --START--
NOTIC: [8] Undefined index: email C:\wamp\www\shequ\App\Runtime\Cache\7af633a8f07a45459cfaa7f7527d0d79.php 第 97 行.
SQL: SHOW COLUMNS FROM `think_user` [ RunTime:0.007000s ]
SQL: SELECT * FROM `think_user` LIMIT 1   [ RunTime:0.004000s ]
NOTIC: [2] extract() expects parameter 1 to be array, null given C:\wamp\www\shequ\ThinkPHP\Lib\Template\ThinkTemplate.class.php 第 82 行.
NOTIC: [8] Undefined index: $description C:\wamp\www\shequ\App\Runtime\Cache\0607fb074d34dbebb41ad2c1e7ab7c0d.php 第 11 行.
NOTIC: [2] extract() expects parameter 1 to be array, string given C:\wamp\www\shequ\ThinkPHP\Lib\Template\ThinkTemplate.class.php 第 82 行.
INFO: Run ParseTemplate Behavior [ RunTime:0.161009s ]
INFO: [ view_parse ] --END-- [ RunTime:0.161009s ]
INFO: [ view_filter ] --START--
INFO: Run ContentReplace Behavior [ RunTime:0.002000s ]
INFO: Run TokenBuild Behavior [ RunTime:0.002000s ]
INFO: Run WriteHtmlCache Behavior [ RunTime:0.001000s ]
INFO: Run ShowRuntime Behavior [ RunTime:0.002000s ]
INFO: [ view_filter ] --END-- [ RunTime:0.008000s ]
INFO: [ view_end ] --START--
INFO: Run ShowPageTrace Behavior [ RunTime:0.003000s ]
INFO: [ view_end ] --END-- [ RunTime:0.004000s ]

[ 2014-12-14T22:20:04+08:00 ] 127.0.0.1 /shequ/index.php/User/setavatar
INFO: [ route_check ] --START--
INFO: Run CheckRoute Behavior [ RunTime:0.003000s ]
INFO: [ route_check ] --END-- [ RunTime:0.003000s ]
INFO: [ app_begin ] --START--
INFO: Run ReadHtmlCache Behavior [ RunTime:0.002000s ]
INFO: [ app_begin ] --END-- [ RunTime:0.002000s ]
SQL: SHOW COLUMNS FROM `think_user` [ RunTime:0.007000s ]
SQL: SELECT * FROM `think_user` LIMIT 1   [ RunTime:0.002000s ]
INFO: [ view_template ] --START--
INFO: Run LocationTemplate Behavior [ RunTime:0.018001s ]
INFO: [ view_template ] --END-- [ RunTime:0.018001s ]
INFO: [ view_parse ] --START--
SQL: SHOW COLUMNS FROM `think_user` [ RunTime:0.007000s ]
SQL: SELECT * FROM `think_user` LIMIT 1   [ RunTime:0.003000s ]
NOTIC: [2] extract() expects parameter 1 to be array, null given C:\wamp\www\shequ\ThinkPHP\Lib\Template\ThinkTemplate.class.php 第 82 行.
NOTIC: [8] Undefined index: $description C:\wamp\www\shequ\App\Runtime\Cache\0607fb074d34dbebb41ad2c1e7ab7c0d.php 第 11 行.
NOTIC: [2] extract() expects parameter 1 to be array, string given C:\wamp\www\shequ\ThinkPHP\Lib\Template\ThinkTemplate.class.php 第 82 行.
INFO: Run ParseTemplate Behavior [ RunTime:0.109007s ]
INFO: [ view_parse ] --END-- [ RunTime:0.109007s ]
INFO: [ view_filter ] --START--
INFO: Run ContentReplace Behavior [ RunTime:0.002000s ]
INFO: Run TokenBuild Behavior [ RunTime:0.002000s ]
INFO: Run WriteHtmlCache Behavior [ RunTime:0.002000s ]
INFO: Run ShowRuntime Behavior [ RunTime:0.003000s ]
INFO: [ view_filter ] --END-- [ RunTime:0.009000s ]
INFO: [ view_end ] --START--
INFO: Run ShowPageTrace Behavior [ RunTime:0.003000s ]
INFO: [ view_end ] --END-- [ RunTime:0.003000s ]

[ 2014-12-14T22:20:04+08:00 ] ERR: (ThinkException) 非法操作:$
[ 2014-12-14T22:20:06+08:00 ] 127.0.0.1 /shequ/index.php/User/setpwd
INFO: [ route_check ] --START--
INFO: Run CheckRoute Behavior [ RunTime:0.018001s ]
INFO: [ route_check ] --END-- [ RunTime:0.018001s ]
INFO: [ app_begin ] --START--
INFO: Run ReadHtmlCache Behavior [ RunTime:0.002001s ]
INFO: [ app_begin ] --END-- [ RunTime:0.004001s ]
INFO: [ view_template ] --START--
INFO: Run LocationTemplate Behavior [ RunTime:0.015001s ]
INFO: [ view_template ] --END-- [ RunTime:0.015001s ]
INFO: [ view_parse ] --START--
SQL: SHOW COLUMNS FROM `think_user` [ RunTime:0.010001s ]
SQL: SELECT * FROM `think_user` LIMIT 1   [ RunTime:0.001000s ]
NOTIC: [2] extract() expects parameter 1 to be array, null given C:\wamp\www\shequ\ThinkPHP\Lib\Template\ThinkTemplate.class.php 第 82 行.
NOTIC: [8] Undefined index: $description C:\wamp\www\shequ\App\Runtime\Cache\0607fb074d34dbebb41ad2c1e7ab7c0d.php 第 11 行.
NOTIC: [2] extract() expects parameter 1 to be array, string given C:\wamp\www\shequ\ThinkPHP\Lib\Template\ThinkTemplate.class.php 第 82 行.
INFO: Run ParseTemplate Behavior [ RunTime:0.202011s ]
INFO: [ view_parse ] --END-- [ RunTime:0.203011s ]
INFO: [ view_filter ] --START--
INFO: Run ContentReplace Behavior [ RunTime:0.002000s ]
INFO: Run TokenBuild Behavior [ RunTime:0.002000s ]
INFO: Run WriteHtmlCache Behavior [ RunTime:0.002000s ]
INFO: Run ShowRuntime Behavior [ RunTime:0.002000s ]
INFO: [ view_filter ] --END-- [ RunTime:0.009001s ]
INFO: [ view_end ] --START--
INFO: Run ShowPageTrace Behavior [ RunTime:0.002000s ]
INFO: [ view_end ] --END-- [ RunTime:0.003000s ]

[ 2014-12-14T22:20:07+08:00 ] 127.0.0.1 /shequ/index.php/User/setbind
INFO: [ route_check ] --START--
INFO: Run CheckRoute Behavior [ RunTime:0.006000s ]
INFO: [ route_check ] --END-- [ RunTime:0.006000s ]
INFO: [ app_begin ] --START--
INFO: Run ReadHtmlCache Behavior [ RunTime:0.003000s ]
INFO: [ app_begin ] --END-- [ RunTime:0.003000s ]
INFO: [ view_template ] --START--
INFO: Run LocationTemplate Behavior [ RunTime:0.003000s ]
INFO: [ view_template ] --END-- [ RunTime:0.003000s ]
INFO: [ view_parse ] --START--
SQL: SHOW COLUMNS FROM `think_user` [ RunTime:0.006000s ]
SQL: SELECT * FROM `think_user` LIMIT 1   [ RunTime:0.006001s ]
NOTIC: [2] extract() expects parameter 1 to be array, null given C:\wamp\www\shequ\ThinkPHP\Lib\Template\ThinkTemplate.class.php 第 82 行.
NOTIC: [8] Undefined index: $description C:\wamp\www\shequ\App\Runtime\Cache\0607fb074d34dbebb41ad2c1e7ab7c0d.php 第 11 行.
NOTIC: [2] extract() expects parameter 1 to be array, string given C:\wamp\www\shequ\ThinkPHP\Lib\Template\ThinkTemplate.class.php 第 82 行.
INFO: Run ParseTemplate Behavior [ RunTime:0.145008s ]
INFO: [ view_parse ] --END-- [ RunTime:0.146008s ]
INFO: [ view_filter ] --START--
INFO: Run ContentReplace Behavior [ RunTime:0.002000s ]
INFO: Run TokenBuild Behavior [ RunTime:0.002000s ]
INFO: Run WriteHtmlCache Behavior [ RunTime:0.002001s ]
INFO: Run ShowRuntime Behavior [ RunTime:0.003000s ]
INFO: [ view_filter ] --END-- [ RunTime:0.010001s ]
INFO: [ view_end ] --START--
INFO: Run ShowPageTrace Behavior [ RunTime:0.008000s ]
INFO: [ view_end ] --END-- [ RunTime:0.008000s ]

[ 2014-12-14T22:20:08+08:00 ] 127.0.0.1 /shequ/index.php/User/setavatar
INFO: [ route_check ] --START--
INFO: Run CheckRoute Behavior [ RunTime:0.003000s ]
INFO: [ route_check ] --END-- [ RunTime:0.004001s ]
INFO: [ app_begin ] --START--
INFO: Run ReadHtmlCache Behavior [ RunTime:0.003000s ]
INFO: [ app_begin ] --END-- [ RunTime:0.004000s ]
SQL: SHOW COLUMNS FROM `think_user` [ RunTime:0.007001s ]
SQL: SELECT * FROM `think_user` LIMIT 1   [ RunTime:0.004000s ]
INFO: [ view_template ] --START--
INFO: Run LocationTemplate Behavior [ RunTime:0.003000s ]
INFO: [ view_template ] --END-- [ RunTime:0.003000s ]
INFO: [ view_parse ] --START--
SQL: SHOW COLUMNS FROM `think_user` [ RunTime:0.023001s ]
SQL: SELECT * FROM `think_user` LIMIT 1   [ RunTime:0.001001s ]
NOTIC: [2] extract() expects parameter 1 to be array, null given C:\wamp\www\shequ\ThinkPHP\Lib\Template\ThinkTemplate.class.php 第 82 行.
NOTIC: [8] Undefined index: $description C:\wamp\www\shequ\App\Runtime\Cache\0607fb074d34dbebb41ad2c1e7ab7c0d.php 第 11 行.
NOTIC: [2] extract() expects parameter 1 to be array, string given C:\wamp\www\shequ\ThinkPHP\Lib\Template\ThinkTemplate.class.php 第 82 行.
INFO: Run ParseTemplate Behavior [ RunTime:0.100006s ]
INFO: [ view_parse ] --END-- [ RunTime:0.100006s ]
INFO: [ view_filter ] --START--
INFO: Run ContentReplace Behavior [ RunTime:0.003000s ]
INFO: Run TokenBuild Behavior [ RunTime:0.004000s ]
INFO: Run WriteHtmlCache Behavior [ RunTime:0.002001s ]
INFO: Run ShowRuntime Behavior [ RunTime:0.003000s ]
INFO: [ view_filter ] --END-- [ RunTime:0.012001s ]
INFO: [ view_end ] --START--
INFO: Run ShowPageTrace Behavior [ RunTime:0.005000s ]
INFO: [ view_end ] --END-- [ RunTime:0.006000s ]

[ 2014-12-14T22:20:08+08:00 ] ERR: (ThinkException) 非法操作:$
[ 2014-12-14T22:20:09+08:00 ] 127.0.0.1 /shequ/index.php/User/setpwd
INFO: [ route_check ] --START--
INFO: Run CheckRoute Behavior [ RunTime:0.003000s ]
INFO: [ route_check ] --END-- [ RunTime:0.003000s ]
INFO: [ app_begin ] --START--
INFO: Run ReadHtmlCache Behavior [ RunTime:0.003001s ]
INFO: [ app_begin ] --END-- [ RunTime:0.003001s ]
INFO: [ view_template ] --START--
INFO: Run LocationTemplate Behavior [ RunTime:0.003000s ]
INFO: [ view_template ] --END-- [ RunTime:0.003000s ]
INFO: [ view_parse ] --START--
SQL: SHOW COLUMNS FROM `think_user` [ RunTime:0.037002s ]
SQL: SELECT * FROM `think_user` LIMIT 1   [ RunTime:0.005000s ]
NOTIC: [2] extract() expects parameter 1 to be array, null given C:\wamp\www\shequ\ThinkPHP\Lib\Template\ThinkTemplate.class.php 第 82 行.
NOTIC: [8] Undefined index: $description C:\wamp\www\shequ\App\Runtime\Cache\0607fb074d34dbebb41ad2c1e7ab7c0d.php 第 11 行.
NOTIC: [2] extract() expects parameter 1 to be array, string given C:\wamp\www\shequ\ThinkPHP\Lib\Template\ThinkTemplate.class.php 第 82 行.
INFO: Run ParseTemplate Behavior [ RunTime:0.160009s ]
INFO: [ view_parse ] --END-- [ RunTime:0.162009s ]
INFO: [ view_filter ] --START--
INFO: Run ContentReplace Behavior [ RunTime:0.003000s ]
INFO: Run TokenBuild Behavior [ RunTime:0.004001s ]
INFO: Run WriteHtmlCache Behavior [ RunTime:0.002000s ]
INFO: Run ShowRuntime Behavior [ RunTime:0.003000s ]
INFO: [ view_filter ] --END-- [ RunTime:0.014001s ]
INFO: [ view_end ] --START--
INFO: Run ShowPageTrace Behavior [ RunTime:0.003000s ]
INFO: [ view_end ] --END-- [ RunTime:0.003000s ]

[ 2014-12-14T22:20:10+08:00 ] 127.0.0.1 /shequ/index.php/User/setinfo
INFO: [ route_check ] --START--
INFO: Run CheckRoute Behavior [ RunTime:0.003000s ]
INFO: [ route_check ] --END-- [ RunTime:0.003000s ]
INFO: [ app_begin ] --START--
INFO: Run ReadHtmlCache Behavior [ RunTime:0.003000s ]
INFO: [ app_begin ] --END-- [ RunTime:0.003000s ]
INFO: [ view_template ] --START--
INFO: Run LocationTemplate Behavior [ RunTime:0.002000s ]
INFO: [ view_template ] --END-- [ RunTime:0.003000s ]
INFO: [ view_parse ] --START--
NOTIC: [8] Undefined index: email C:\wamp\www\shequ\App\Runtime\Cache\7af633a8f07a45459cfaa7f7527d0d79.php 第 97 行.
SQL: SHOW COLUMNS FROM `think_user` [ RunTime:0.025001s ]
SQL: SELECT * FROM `think_user` LIMIT 1   [ RunTime:0.004000s ]
NOTIC: [2] extract() expects parameter 1 to be array, null given C:\wamp\www\shequ\ThinkPHP\Lib\Template\ThinkTemplate.class.php 第 82 行.
NOTIC: [8] Undefined index: $description C:\wamp\www\shequ\App\Runtime\Cache\0607fb074d34dbebb41ad2c1e7ab7c0d.php 第 11 行.
NOTIC: [2] extract() expects parameter 1 to be array, string given C:\wamp\www\shequ\ThinkPHP\Lib\Template\ThinkTemplate.class.php 第 82 行.
INFO: Run ParseTemplate Behavior [ RunTime:0.172010s ]
INFO: [ view_parse ] --END-- [ RunTime:0.173010s ]
INFO: [ view_filter ] --START--
INFO: Run ContentReplace Behavior [ RunTime:0.002000s ]
INFO: Run TokenBuild Behavior [ RunTime:0.002000s ]
INFO: Run WriteHtmlCache Behavior [ RunTime:0.002000s ]
INFO: Run ShowRuntime Behavior [ RunTime:0.002001s ]
INFO: [ view_filter ] --END-- [ RunTime:0.009001s ]
INFO: [ view_end ] --START--
INFO: Run ShowPageTrace Behavior [ RunTime:0.006000s ]
INFO: [ view_end ] --END-- [ RunTime:0.006000s ]

[ 2014-12-14T22:20:12+08:00 ] 127.0.0.1 /shequ/index.php/Index/index
INFO: [ route_check ] --START--
INFO: Run CheckRoute Behavior [ RunTime:0.003001s ]
INFO: [ route_check ] --END-- [ RunTime:0.003001s ]
INFO: [ app_begin ] --START--
INFO: Run ReadHtmlCache Behavior [ RunTime:0.002000s ]
INFO: [ app_begin ] --END-- [ RunTime:0.002000s ]
INFO: [ view_template ] --START--
INFO: Run LocationTemplate Behavior [ RunTime:0.003000s ]
INFO: [ view_template ] --END-- [ RunTime:0.003000s ]
INFO: [ view_parse ] --START--
SQL: SHOW COLUMNS FROM `think_user` [ RunTime:0.022001s ]
SQL: SELECT * FROM `think_user` LIMIT 1   [ RunTime:0.006001s ]
NOTIC: [2] extract() expects parameter 1 to be array, null given C:\wamp\www\shequ\ThinkPHP\Lib\Template\ThinkTemplate.class.php 第 82 行.
NOTIC: [8] Undefined index: $description C:\wamp\www\shequ\App\Runtime\Cache\0607fb074d34dbebb41ad2c1e7ab7c0d.php 第 11 行.
NOTIC: [2] extract() expects parameter 1 to be array, string given C:\wamp\www\shequ\ThinkPHP\Lib\Template\ThinkTemplate.class.php 第 82 行.
INFO: Run ParseTemplate Behavior [ RunTime:0.150009s ]
INFO: [ view_parse ] --END-- [ RunTime:0.150009s ]
INFO: [ view_filter ] --START--
INFO: Run ContentReplace Behavior [ RunTime:0.002000s ]
INFO: Run TokenBuild Behavior [ RunTime:0.002000s ]
INFO: Run WriteHtmlCache Behavior [ RunTime:0.001000s ]
INFO: Run ShowRuntime Behavior [ RunTime:0.003001s ]
INFO: [ view_filter ] --END-- [ RunTime:0.009001s ]
INFO: [ view_end ] --START--
INFO: Run ShowPageTrace Behavior [ RunTime:0.004000s ]
INFO: [ view_end ] --END-- [ RunTime:0.004000s ]

[ 2014-12-14T22:21:41+08:00 ] 127.0.0.1 /shequ/index.php/User/message
INFO: [ route_check ] --START--
INFO: Run CheckRoute Behavior [ RunTime:0.003000s ]
INFO: [ route_check ] --END-- [ RunTime:0.003000s ]
INFO: [ app_begin ] --START--
INFO: Run ReadHtmlCache Behavior [ RunTime:0.002000s ]
INFO: [ app_begin ] --END-- [ RunTime:0.002000s ]
INFO: [ view_template ] --START--
INFO: Run LocationTemplate Behavior [ RunTime:0.010000s ]
INFO: [ view_template ] --END-- [ RunTime:0.010000s ]
INFO: [ view_parse ] --START--
SQL: SHOW COLUMNS FROM `think_user` [ RunTime:0.006001s ]
SQL: SELECT * FROM `think_user` LIMIT 1   [ RunTime:0.003000s ]
NOTIC: [2] extract() expects parameter 1 to be array, null given C:\wamp\www\shequ\ThinkPHP\Lib\Template\ThinkTemplate.class.php 第 82 行.
NOTIC: [8] Undefined index: $description C:\wamp\www\shequ\App\Runtime\Cache\0607fb074d34dbebb41ad2c1e7ab7c0d.php 第 11 行.
NOTIC: [2] extract() expects parameter 1 to be array, string given C:\wamp\www\shequ\ThinkPHP\Lib\Template\ThinkTemplate.class.php 第 82 行.
INFO: Run ParseTemplate Behavior [ RunTime:0.136008s ]
INFO: [ view_parse ] --END-- [ RunTime:0.136008s ]
INFO: [ view_filter ] --START--
INFO: Run ContentReplace Behavior [ RunTime:0.002000s ]
INFO: Run TokenBuild Behavior [ RunTime:0.002000s ]
INFO: Run WriteHtmlCache Behavior [ RunTime:0.002001s ]
INFO: Run ShowRuntime Behavior [ RunTime:0.002000s ]
INFO: [ view_filter ] --END-- [ RunTime:0.009001s ]
INFO: [ view_end ] --START--
INFO: Run ShowPageTrace Behavior [ RunTime:0.003000s ]
INFO: [ view_end ] --END-- [ RunTime:0.003000s ]

[ 2014-12-14T22:21:43+08:00 ] 127.0.0.1 /shequ/index.php/Index/index
INFO: [ route_check ] --START--
INFO: Run CheckRoute Behavior [ RunTime:0.003000s ]
INFO: [ route_check ] --END-- [ RunTime:0.003000s ]
INFO: [ app_begin ] --START--
INFO: Run ReadHtmlCache Behavior [ RunTime:0.002000s ]
INFO: [ app_begin ] --END-- [ RunTime:0.003000s ]
INFO: [ view_template ] --START--
INFO: Run LocationTemplate Behavior [ RunTime:0.003000s ]
INFO: [ view_template ] --END-- [ RunTime:0.003000s ]
INFO: [ view_parse ] --START--
SQL: SHOW COLUMNS FROM `think_user` [ RunTime:0.007000s ]
SQL: SELECT * FROM `think_user` LIMIT 1   [ RunTime:0.002000s ]
NOTIC: [2] extract() expects parameter 1 to be array, null given C:\wamp\www\shequ\ThinkPHP\Lib\Template\ThinkTemplate.class.php 第 82 行.
NOTIC: [8] Undefined index: $description C:\wamp\www\shequ\App\Runtime\Cache\0607fb074d34dbebb41ad2c1e7ab7c0d.php 第 11 行.
NOTIC: [2] extract() expects parameter 1 to be array, string given C:\wamp\www\shequ\ThinkPHP\Lib\Template\ThinkTemplate.class.php 第 82 行.
INFO: Run ParseTemplate Behavior [ RunTime:0.104006s ]
INFO: [ view_parse ] --END-- [ RunTime:0.104006s ]
INFO: [ view_filter ] --START--
INFO: Run ContentReplace Behavior [ RunTime:0.002000s ]
INFO: Run TokenBuild Behavior [ RunTime:0.002000s ]
INFO: Run WriteHtmlCache Behavior [ RunTime:0.001000s ]
INFO: Run ShowRuntime Behavior [ RunTime:0.003000s ]
INFO: [ view_filter ] --END-- [ RunTime:0.009000s ]
INFO: [ view_end ] --START--
INFO: Run ShowPageTrace Behavior [ RunTime:0.002001s ]
INFO: [ view_end ] --END-- [ RunTime:0.003001s ]

[ 2014-12-14T22:22:23+08:00 ] 127.0.0.1 /shequ/index.php/Admin
INFO: [ route_check ] --START--
INFO: Run CheckRoute Behavior [ RunTime:0.003000s ]
INFO: [ route_check ] --END-- [ RunTime:0.003000s ]
INFO: [ app_begin ] --START--
INFO: Run ReadHtmlCache Behavior [ RunTime:0.002000s ]
INFO: [ app_begin ] --END-- [ RunTime:0.003000s ]
SQL: SHOW COLUMNS FROM `think_post` [ RunTime:0.107006s ]
SQL: SHOW COLUMNS FROM `think_user` [ RunTime:0.010001s ]
SQL: SHOW COLUMNS FROM `think_comment` [ RunTime:0.014001s ]
ERR: Table 'thinkphpbbs.think_comment' doesn't exist
 [ SQL语句 ] : SHOW COLUMNS FROM `think_comment`
SQL: SHOW COLUMNS FROM `think_categroy` [ RunTime:0.012001s ]
ERR: Table 'thinkphpbbs.think_categroy' doesn't exist
 [ SQL语句 ] : SHOW COLUMNS FROM `think_categroy`
INFO: [ view_template ] --START--
INFO: Run LocationTemplate Behavior [ RunTime:0.032001s ]
INFO: [ view_template ] --END-- [ RunTime:0.033001s ]
INFO: [ view_parse ] --START--
NOTIC: [8] Undefined variable: topiclist C:\wamp\www\shequ\App\Runtime\Cache\6f5f025117d273394ea59517d1f08780.php 第 18 行.
INFO: Run ParseTemplate Behavior [ RunTime:0.052003s ]
INFO: [ view_parse ] --END-- [ RunTime:0.052003s ]
INFO: [ view_filter ] --START--
INFO: Run ContentReplace Behavior [ RunTime:0.002000s ]
INFO: Run TokenBuild Behavior [ RunTime:0.002000s ]
INFO: Run WriteHtmlCache Behavior [ RunTime:0.002000s ]
INFO: Run ShowRuntime Behavior [ RunTime:0.003000s ]
INFO: [ view_filter ] --END-- [ RunTime:0.009000s ]
INFO: [ view_end ] --START--
INFO: Run ShowPageTrace Behavior [ RunTime:0.003000s ]
INFO: [ view_end ] --END-- [ RunTime:0.003000s ]

[ 2014-12-14T22:23:29+08:00 ] ERR: (ThinkException) 非法操作:config
[ 2014-12-14T23:05:36+08:00 ] ERR: (ThinkException) 非法操作:config
[ 2014-12-14T23:05:39+08:00 ] ERR: (ThinkException) 非法操作:user
[ 2014-12-14T23:05:45+08:00 ] 127.0.0.1 /shequ/
INFO: [ app_begin ] --START--
INFO: Run ReadHtmlCache Behavior [ RunTime:0.003001s ]
INFO: [ app_begin ] --END-- [ RunTime:0.003001s ]
INFO: [ view_template ] --START--
INFO: Run LocationTemplate Behavior [ RunTime:0.059004s ]
INFO: [ view_template ] --END-- [ RunTime:0.060004s ]
INFO: [ view_parse ] --START--
SQL: SHOW COLUMNS FROM `think_user` [ RunTime:0.007001s ]
SQL: SELECT * FROM `think_user` LIMIT 1   [ RunTime:0.002000s ]
NOTIC: [2] extract() expects parameter 1 to be array, null given C:\wamp\www\shequ\ThinkPHP\Lib\Template\ThinkTemplate.class.php 第 82 行.
NOTIC: [8] Undefined index: $description C:\wamp\www\shequ\App\Runtime\Cache\0607fb074d34dbebb41ad2c1e7ab7c0d.php 第 11 行.
NOTIC: [2] extract() expects parameter 1 to be array, string given C:\wamp\www\shequ\ThinkPHP\Lib\Template\ThinkTemplate.class.php 第 82 行.
INFO: Run ParseTemplate Behavior [ RunTime:0.459026s ]
INFO: [ view_parse ] --END-- [ RunTime:0.459026s ]
INFO: [ view_filter ] --START--
INFO: Run ContentReplace Behavior [ RunTime:0.038002s ]
INFO: Run TokenBuild Behavior [ RunTime:0.060004s ]
INFO: Run WriteHtmlCache Behavior [ RunTime:0.024001s ]
INFO: Run ShowRuntime Behavior [ RunTime:0.044003s ]
INFO: [ view_filter ] --END-- [ RunTime:0.168010s ]
INFO: [ view_end ] --START--
INFO: Run ShowPageTrace Behavior [ RunTime:0.067004s ]
INFO: [ view_end ] --END-- [ RunTime:0.067004s ]

