[ 2014-11-03T17:08:41+08:00 ] 127.0.0.1 /shequ/
INFO: [ app_begin ] --START--
INFO: Run ReadHtmlCache Behavior [ RunTime:0.071004s ]
INFO: [ app_begin ] --END-- [ RunTime:0.147008s ]
INFO: [ view_template ] --START--
INFO: Run LocationTemplate Behavior [ RunTime:0.181011s ]
INFO: [ view_template ] --END-- [ RunTime:0.182011s ]
INFO: [ view_parse ] --START--
NOTIC: [8] Undefined index: isLogin C:\wamp\www\shequ\App\Runtime\Cache\f331a3f0d874c4248458495ef2c2c2d1.php 第 33 行.
NOTIC: [8] Undefined index: mid C:\wamp\www\shequ\App\Lib\Widget\UserInfoWidget.class.php 第 8 行.
NOTIC: [2] extract() expects parameter 1 to be array, string given C:\wamp\www\shequ\ThinkPHP\Lib\Template\ThinkTemplate.class.php 第 82 行.
INFO: Run ParseTemplate Behavior [ RunTime:2.115121s ]
INFO: [ view_parse ] --END-- [ RunTime:2.115121s ]
INFO: [ view_filter ] --START--
INFO: Run ContentReplace Behavior [ RunTime:0.044002s ]
INFO: Run TokenBuild Behavior [ RunTime:0.059004s ]
INFO: Run WriteHtmlCache Behavior [ RunTime:0.081004s ]
INFO: Run ShowRuntime Behavior [ RunTime:0.144009s ]
INFO: [ view_filter ] --END-- [ RunTime:0.329019s ]
INFO: [ view_end ] --START--
INFO: Run ShowPageTrace Behavior [ RunTime:0.046002s ]
INFO: [ view_end ] --END-- [ RunTime:0.046002s ]

[ 2014-11-03T17:08:47+08:00 ] 127.0.0.1 /shequ/index.php/User/login
INFO: [ route_check ] --START--
INFO: Run CheckRoute Behavior [ RunTime:0.012000s ]
INFO: [ route_check ] --END-- [ RunTime:0.012000s ]
INFO: [ app_begin ] --START--
INFO: Run ReadHtmlCache Behavior [ RunTime:0.001000s ]
INFO: [ app_begin ] --END-- [ RunTime:0.003000s ]
INFO: [ view_template ] --START--
INFO: Run LocationTemplate Behavior [ RunTime:0.063004s ]
INFO: [ view_template ] --END-- [ RunTime:0.064004s ]
INFO: [ view_parse ] --START--
NOTIC: [8] Undefined index: isLogin C:\wamp\www\shequ\App\Runtime\Cache\f0b6776c2e2528b7b581d55514547e92.php 第 33 行.
NOTIC: [8] Undefined index: mid C:\wamp\www\shequ\App\Lib\Widget\UserInfoWidget.class.php 第 8 行.
NOTIC: [2] extract() expects parameter 1 to be array, string given C:\wamp\www\shequ\ThinkPHP\Lib\Template\ThinkTemplate.class.php 第 82 行.
INFO: Run ParseTemplate Behavior [ RunTime:0.198011s ]
INFO: [ view_parse ] --END-- [ RunTime:0.198011s ]
INFO: [ view_filter ] --START--
INFO: Run ContentReplace Behavior [ RunTime:0.002000s ]
INFO: Run TokenBuild Behavior [ RunTime:0.002000s ]
INFO: Run WriteHtmlCache Behavior [ RunTime:0.001000s ]
INFO: Run ShowRuntime Behavior [ RunTime:0.002000s ]
INFO: [ view_filter ] --END-- [ RunTime:0.008001s ]
INFO: [ view_end ] --START--
INFO: Run ShowPageTrace Behavior [ RunTime:0.002000s ]
INFO: [ view_end ] --END-- [ RunTime:0.002000s ]

[ 2014-11-03T17:08:53+08:00 ] 127.0.0.1 /shequ/index.php/User/doLogin
INFO: [ route_check ] --START--
INFO: Run CheckRoute Behavior [ RunTime:0.001000s ]
INFO: [ route_check ] --END-- [ RunTime:0.002000s ]
INFO: [ app_begin ] --START--
INFO: Run ReadHtmlCache Behavior [ RunTime:0.002000s ]
INFO: [ app_begin ] --END-- [ RunTime:0.002000s ]
SQL: SHOW COLUMNS FROM `think_user` [ RunTime:0.834048s ]
SQL: SELECT * FROM `think_user` WHERE ( `email` = '928171466@qq.com' ) AND ( `password` = '4c47957804440bc6d66c6534568df676' ) LIMIT 1   [ RunTime:0.049003s ]
INFO: [ view_template ] --START--
INFO: Run LocationTemplate Behavior [ RunTime:0.028002s ]
INFO: [ view_template ] --END-- [ RunTime:0.028002s ]
INFO: [ view_parse ] --START--
INFO: Run ParseTemplate Behavior [ RunTime:0.068004s ]
INFO: [ view_parse ] --END-- [ RunTime:0.070004s ]
INFO: [ view_filter ] --START--
INFO: Run ContentReplace Behavior [ RunTime:0.002000s ]
INFO: Run TokenBuild Behavior [ RunTime:0.001000s ]
INFO: Run WriteHtmlCache Behavior [ RunTime:0.002000s ]
INFO: Run ShowRuntime Behavior [ RunTime:0.002000s ]
INFO: [ view_filter ] --END-- [ RunTime:0.007000s ]
INFO: [ view_end ] --START--
INFO: Run ShowPageTrace Behavior [ RunTime:0.002000s ]
INFO: [ view_end ] --END-- [ RunTime:0.002000s ]

[ 2014-11-03T17:08:54+08:00 ] 127.0.0.1 /shequ/index.php/Index/index
INFO: [ route_check ] --START--
INFO: Run CheckRoute Behavior [ RunTime:0.002000s ]
INFO: [ route_check ] --END-- [ RunTime:0.002000s ]
INFO: [ app_begin ] --START--
INFO: Run ReadHtmlCache Behavior [ RunTime:0.002001s ]
INFO: [ app_begin ] --END-- [ RunTime:0.002001s ]
INFO: [ view_template ] --START--
INFO: Run LocationTemplate Behavior [ RunTime:0.002000s ]
INFO: [ view_template ] --END-- [ RunTime:0.002000s ]
INFO: [ view_parse ] --START--
SQL: SHOW COLUMNS FROM `think_user` [ RunTime:0.006000s ]
SQL: SELECT * FROM `think_user` LIMIT 1   [ RunTime:0.002000s ]
NOTIC: [2] extract() expects parameter 1 to be array, null given C:\wamp\www\shequ\ThinkPHP\Lib\Template\ThinkTemplate.class.php 第 82 行.
NOTIC: [8] Undefined index: $description C:\wamp\www\shequ\App\Runtime\Cache\0607fb074d34dbebb41ad2c1e7ab7c0d.php 第 11 行.
NOTIC: [2] extract() expects parameter 1 to be array, string given C:\wamp\www\shequ\ThinkPHP\Lib\Template\ThinkTemplate.class.php 第 82 行.
INFO: Run ParseTemplate Behavior [ RunTime:0.148008s ]
INFO: [ view_parse ] --END-- [ RunTime:0.148008s ]
INFO: [ view_filter ] --START--
INFO: Run ContentReplace Behavior [ RunTime:0.002000s ]
INFO: Run TokenBuild Behavior [ RunTime:0.002001s ]
INFO: Run WriteHtmlCache Behavior [ RunTime:0.001000s ]
INFO: Run ShowRuntime Behavior [ RunTime:0.002000s ]
INFO: [ view_filter ] --END-- [ RunTime:0.008001s ]
INFO: [ view_end ] --START--
INFO: Run ShowPageTrace Behavior [ RunTime:0.002000s ]
INFO: [ view_end ] --END-- [ RunTime:0.002000s ]

[ 2014-11-03T17:08:57+08:00 ] 127.0.0.1 /shequ/index.php/User/setinfo
INFO: [ route_check ] --START--
INFO: Run CheckRoute Behavior [ RunTime:0.003000s ]
INFO: [ route_check ] --END-- [ RunTime:0.004000s ]
INFO: [ app_begin ] --START--
INFO: Run ReadHtmlCache Behavior [ RunTime:0.002000s ]
INFO: [ app_begin ] --END-- [ RunTime:0.002000s ]
INFO: [ view_template ] --START--
INFO: Run LocationTemplate Behavior [ RunTime:0.030002s ]
INFO: [ view_template ] --END-- [ RunTime:0.030002s ]
INFO: [ view_parse ] --START--
SQL: SHOW COLUMNS FROM `think_user` [ RunTime:0.010001s ]
SQL: SELECT * FROM `think_user` LIMIT 1   [ RunTime:0.000000s ]
NOTIC: [2] extract() expects parameter 1 to be array, null given C:\wamp\www\shequ\ThinkPHP\Lib\Template\ThinkTemplate.class.php 第 82 行.
NOTIC: [8] Undefined index: $description C:\wamp\www\shequ\App\Runtime\Cache\0607fb074d34dbebb41ad2c1e7ab7c0d.php 第 11 行.
NOTIC: [2] extract() expects parameter 1 to be array, string given C:\wamp\www\shequ\ThinkPHP\Lib\Template\ThinkTemplate.class.php 第 82 行.
INFO: Run ParseTemplate Behavior [ RunTime:0.174010s ]
INFO: [ view_parse ] --END-- [ RunTime:0.175010s ]
INFO: [ view_filter ] --START--
INFO: Run ContentReplace Behavior [ RunTime:0.001000s ]
INFO: Run TokenBuild Behavior [ RunTime:0.002000s ]
INFO: Run WriteHtmlCache Behavior [ RunTime:0.001000s ]
INFO: Run ShowRuntime Behavior [ RunTime:0.002000s ]
INFO: [ view_filter ] --END-- [ RunTime:0.006000s ]
INFO: [ view_end ] --START--
INFO: Run ShowPageTrace Behavior [ RunTime:0.001000s ]
INFO: [ view_end ] --END-- [ RunTime:0.002000s ]

[ 2014-11-03T17:09:00+08:00 ] 127.0.0.1 /shequ/index.php/User/message
INFO: [ route_check ] --START--
INFO: Run CheckRoute Behavior [ RunTime:0.002000s ]
INFO: [ route_check ] --END-- [ RunTime:0.002000s ]
INFO: [ app_begin ] --START--
INFO: Run ReadHtmlCache Behavior [ RunTime:0.002000s ]
INFO: [ app_begin ] --END-- [ RunTime:0.003000s ]
INFO: [ view_template ] --START--
INFO: Run LocationTemplate Behavior [ RunTime:0.012001s ]
INFO: [ view_template ] --END-- [ RunTime:0.014001s ]
INFO: [ view_parse ] --START--
SQL: SHOW COLUMNS FROM `think_user` [ RunTime:0.007000s ]
SQL: SELECT * FROM `think_user` LIMIT 1   [ RunTime:0.002000s ]
NOTIC: [2] extract() expects parameter 1 to be array, null given C:\wamp\www\shequ\ThinkPHP\Lib\Template\ThinkTemplate.class.php 第 82 行.
NOTIC: [8] Undefined index: $description C:\wamp\www\shequ\App\Runtime\Cache\0607fb074d34dbebb41ad2c1e7ab7c0d.php 第 11 行.
NOTIC: [2] extract() expects parameter 1 to be array, string given C:\wamp\www\shequ\ThinkPHP\Lib\Template\ThinkTemplate.class.php 第 82 行.
INFO: Run ParseTemplate Behavior [ RunTime:0.093005s ]
INFO: [ view_parse ] --END-- [ RunTime:0.093005s ]
INFO: [ view_filter ] --START--
INFO: Run ContentReplace Behavior [ RunTime:0.001000s ]
INFO: Run TokenBuild Behavior [ RunTime:0.002001s ]
INFO: Run WriteHtmlCache Behavior [ RunTime:0.001000s ]
INFO: Run ShowRuntime Behavior [ RunTime:0.002000s ]
INFO: [ view_filter ] --END-- [ RunTime:0.007001s ]
INFO: [ view_end ] --START--
INFO: Run ShowPageTrace Behavior [ RunTime:0.001000s ]
INFO: [ view_end ] --END-- [ RunTime:0.002000s ]

[ 2014-11-03T17:09:03+08:00 ] 127.0.0.1 /shequ/index.php/User/issue
INFO: [ route_check ] --START--
INFO: Run CheckRoute Behavior [ RunTime:0.002001s ]
INFO: [ route_check ] --END-- [ RunTime:0.002001s ]
INFO: [ app_begin ] --START--
INFO: Run ReadHtmlCache Behavior [ RunTime:0.002000s ]
INFO: [ app_begin ] --END-- [ RunTime:0.003000s ]
INFO: [ view_template ] --START--
INFO: Run LocationTemplate Behavior [ RunTime:0.026002s ]
INFO: [ view_template ] --END-- [ RunTime:0.027002s ]
INFO: [ view_parse ] --START--
SQL: SHOW COLUMNS FROM `think_user` [ RunTime:0.008001s ]
SQL: SELECT * FROM `think_user` LIMIT 1   [ RunTime:0.001000s ]
NOTIC: [2] extract() expects parameter 1 to be array, null given C:\wamp\www\shequ\ThinkPHP\Lib\Template\ThinkTemplate.class.php 第 82 行.
NOTIC: [8] Undefined index: $description C:\wamp\www\shequ\App\Runtime\Cache\0607fb074d34dbebb41ad2c1e7ab7c0d.php 第 11 行.
NOTIC: [2] extract() expects parameter 1 to be array, string given C:\wamp\www\shequ\ThinkPHP\Lib\Template\ThinkTemplate.class.php 第 82 行.
INFO: Run ParseTemplate Behavior [ RunTime:0.164009s ]
INFO: [ view_parse ] --END-- [ RunTime:0.164009s ]
INFO: [ view_filter ] --START--
INFO: Run ContentReplace Behavior [ RunTime:0.004000s ]
INFO: Run TokenBuild Behavior [ RunTime:0.002000s ]
INFO: Run WriteHtmlCache Behavior [ RunTime:0.001001s ]
INFO: Run ShowRuntime Behavior [ RunTime:0.002000s ]
INFO: [ view_filter ] --END-- [ RunTime:0.010001s ]
INFO: [ view_end ] --START--
INFO: Run ShowPageTrace Behavior [ RunTime:0.002000s ]
INFO: [ view_end ] --END-- [ RunTime:0.002000s ]

[ 2014-11-03T17:09:07+08:00 ] 127.0.0.1 /shequ/index.php/User/issue
INFO: [ route_check ] --START--
INFO: Run CheckRoute Behavior [ RunTime:0.002000s ]
INFO: [ route_check ] --END-- [ RunTime:0.003000s ]
INFO: [ app_begin ] --START--
INFO: Run ReadHtmlCache Behavior [ RunTime:0.002000s ]
INFO: [ app_begin ] --END-- [ RunTime:0.002000s ]
INFO: [ view_template ] --START--
INFO: Run LocationTemplate Behavior [ RunTime:0.001000s ]
INFO: [ view_template ] --END-- [ RunTime:0.002000s ]
INFO: [ view_parse ] --START--
SQL: SHOW COLUMNS FROM `think_user` [ RunTime:0.006000s ]
SQL: SELECT * FROM `think_user` LIMIT 1   [ RunTime:0.002000s ]
NOTIC: [2] extract() expects parameter 1 to be array, null given C:\wamp\www\shequ\ThinkPHP\Lib\Template\ThinkTemplate.class.php 第 82 行.
NOTIC: [8] Undefined index: $description C:\wamp\www\shequ\App\Runtime\Cache\0607fb074d34dbebb41ad2c1e7ab7c0d.php 第 11 行.
NOTIC: [2] extract() expects parameter 1 to be array, string given C:\wamp\www\shequ\ThinkPHP\Lib\Template\ThinkTemplate.class.php 第 82 行.
INFO: Run ParseTemplate Behavior [ RunTime:0.073004s ]
INFO: [ view_parse ] --END-- [ RunTime:0.074004s ]
INFO: [ view_filter ] --START--
INFO: Run ContentReplace Behavior [ RunTime:0.002000s ]
INFO: Run TokenBuild Behavior [ RunTime:0.001000s ]
INFO: Run WriteHtmlCache Behavior [ RunTime:0.002000s ]
INFO: Run ShowRuntime Behavior [ RunTime:0.002001s ]
INFO: [ view_filter ] --END-- [ RunTime:0.007001s ]
INFO: [ view_end ] --START--
INFO: Run ShowPageTrace Behavior [ RunTime:0.002000s ]
INFO: [ view_end ] --END-- [ RunTime:0.002000s ]

[ 2014-11-03T17:09:13+08:00 ] 127.0.0.1 /shequ/index.php/Index/index
INFO: [ route_check ] --START--
INFO: Run CheckRoute Behavior [ RunTime:0.001000s ]
INFO: [ route_check ] --END-- [ RunTime:0.003000s ]
INFO: [ app_begin ] --START--
INFO: Run ReadHtmlCache Behavior [ RunTime:0.002000s ]
INFO: [ app_begin ] --END-- [ RunTime:0.002000s ]
INFO: [ view_template ] --START--
INFO: Run LocationTemplate Behavior [ RunTime:0.001000s ]
INFO: [ view_template ] --END-- [ RunTime:0.002000s ]
INFO: [ view_parse ] --START--
SQL: SHOW COLUMNS FROM `think_user` [ RunTime:0.026001s ]
SQL: SELECT * FROM `think_user` LIMIT 1   [ RunTime:0.002000s ]
NOTIC: [2] extract() expects parameter 1 to be array, null given C:\wamp\www\shequ\ThinkPHP\Lib\Template\ThinkTemplate.class.php 第 82 行.
NOTIC: [8] Undefined index: $description C:\wamp\www\shequ\App\Runtime\Cache\0607fb074d34dbebb41ad2c1e7ab7c0d.php 第 11 行.
NOTIC: [2] extract() expects parameter 1 to be array, string given C:\wamp\www\shequ\ThinkPHP\Lib\Template\ThinkTemplate.class.php 第 82 行.
INFO: Run ParseTemplate Behavior [ RunTime:0.098005s ]
INFO: [ view_parse ] --END-- [ RunTime:0.099005s ]
INFO: [ view_filter ] --START--
INFO: Run ContentReplace Behavior [ RunTime:0.002001s ]
INFO: Run TokenBuild Behavior [ RunTime:0.001000s ]
INFO: Run WriteHtmlCache Behavior [ RunTime:0.001000s ]
INFO: Run ShowRuntime Behavior [ RunTime:0.002000s ]
INFO: [ view_filter ] --END-- [ RunTime:0.007001s ]
INFO: [ view_end ] --START--
INFO: Run ShowPageTrace Behavior [ RunTime:0.001000s ]
INFO: [ view_end ] --END-- [ RunTime:0.002000s ]

[ 2014-11-03T17:09:14+08:00 ] 127.0.0.1 /shequ/index.php/Topic/addtopic
INFO: [ route_check ] --START--
INFO: Run CheckRoute Behavior [ RunTime:0.001000s ]
INFO: [ route_check ] --END-- [ RunTime:0.003000s ]
INFO: [ app_begin ] --START--
INFO: Run ReadHtmlCache Behavior [ RunTime:0.001000s ]
INFO: [ app_begin ] --END-- [ RunTime:0.003000s ]
SQL: SHOW COLUMNS FROM `think_category` [ RunTime:0.096006s ]
SQL: SELECT `name` FROM `think_category`  [ RunTime:0.002000s ]
INFO: [ view_template ] --START--
INFO: Run LocationTemplate Behavior [ RunTime:0.063004s ]
INFO: [ view_template ] --END-- [ RunTime:0.065004s ]
INFO: [ view_parse ] --START--
NOTIC: [8] Undefined index: id C:\wamp\www\shequ\App\Runtime\Cache\201f30b9ede6c9e6a3430e4ff086e925.php 第 86 行.
NOTIC: [8] Undefined index: id C:\wamp\www\shequ\App\Runtime\Cache\201f30b9ede6c9e6a3430e4ff086e925.php 第 86 行.
NOTIC: [8] Undefined index: id C:\wamp\www\shequ\App\Runtime\Cache\201f30b9ede6c9e6a3430e4ff086e925.php 第 86 行.
SQL: SHOW COLUMNS FROM `think_user` [ RunTime:0.007000s ]
SQL: SELECT * FROM `think_user` LIMIT 1   [ RunTime:0.003001s ]
NOTIC: [2] extract() expects parameter 1 to be array, null given C:\wamp\www\shequ\ThinkPHP\Lib\Template\ThinkTemplate.class.php 第 82 行.
NOTIC: [8] Undefined index: $description C:\wamp\www\shequ\App\Runtime\Cache\0607fb074d34dbebb41ad2c1e7ab7c0d.php 第 11 行.
NOTIC: [2] extract() expects parameter 1 to be array, string given C:\wamp\www\shequ\ThinkPHP\Lib\Template\ThinkTemplate.class.php 第 82 行.
INFO: Run ParseTemplate Behavior [ RunTime:0.142008s ]
INFO: [ view_parse ] --END-- [ RunTime:0.142008s ]
INFO: [ view_filter ] --START--
INFO: Run ContentReplace Behavior [ RunTime:0.002000s ]
INFO: Run TokenBuild Behavior [ RunTime:0.001000s ]
INFO: Run WriteHtmlCache Behavior [ RunTime:0.001000s ]
INFO: Run ShowRuntime Behavior [ RunTime:0.002000s ]
INFO: [ view_filter ] --END-- [ RunTime:0.007000s ]
INFO: [ view_end ] --START--
INFO: Run ShowPageTrace Behavior [ RunTime:0.002000s ]
INFO: [ view_end ] --END-- [ RunTime:0.002000s ]

[ 2014-11-03T17:09:17+08:00 ] 127.0.0.1 /shequ/index.php/Special/index
INFO: [ route_check ] --START--
INFO: Run CheckRoute Behavior [ RunTime:0.002000s ]
INFO: [ route_check ] --END-- [ RunTime:0.003000s ]
INFO: [ app_begin ] --START--
INFO: Run ReadHtmlCache Behavior [ RunTime:0.002000s ]
INFO: [ app_begin ] --END-- [ RunTime:0.003000s ]
INFO: [ view_template ] --START--
INFO: Run LocationTemplate Behavior [ RunTime:0.039002s ]
INFO: [ view_template ] --END-- [ RunTime:0.039002s ]
INFO: [ view_parse ] --START--
INFO: Run ParseTemplate Behavior [ RunTime:0.180010s ]
INFO: [ view_parse ] --END-- [ RunTime:0.180010s ]
INFO: [ view_filter ] --START--
INFO: Run ContentReplace Behavior [ RunTime:0.002000s ]
INFO: Run TokenBuild Behavior [ RunTime:0.002001s ]
INFO: Run WriteHtmlCache Behavior [ RunTime:0.001000s ]
INFO: Run ShowRuntime Behavior [ RunTime:0.003000s ]
INFO: [ view_filter ] --END-- [ RunTime:0.010001s ]
INFO: [ view_end ] --START--
INFO: Run ShowPageTrace Behavior [ RunTime:0.002000s ]
INFO: [ view_end ] --END-- [ RunTime:0.003000s ]

[ 2014-11-03T17:09:20+08:00 ] 127.0.0.1 /shequ/index.php/Index/index
INFO: [ route_check ] --START--
INFO: Run CheckRoute Behavior [ RunTime:0.001000s ]
INFO: [ route_check ] --END-- [ RunTime:0.003000s ]
INFO: [ app_begin ] --START--
INFO: Run ReadHtmlCache Behavior [ RunTime:0.002000s ]
INFO: [ app_begin ] --END-- [ RunTime:0.002000s ]
INFO: [ view_template ] --START--
INFO: Run LocationTemplate Behavior [ RunTime:0.001000s ]
INFO: [ view_template ] --END-- [ RunTime:0.001000s ]
INFO: [ view_parse ] --START--
SQL: SHOW COLUMNS FROM `think_user` [ RunTime:0.006001s ]
SQL: SELECT * FROM `think_user` LIMIT 1   [ RunTime:0.002000s ]
NOTIC: [2] extract() expects parameter 1 to be array, null given C:\wamp\www\shequ\ThinkPHP\Lib\Template\ThinkTemplate.class.php 第 82 行.
NOTIC: [8] Undefined index: $description C:\wamp\www\shequ\App\Runtime\Cache\0607fb074d34dbebb41ad2c1e7ab7c0d.php 第 11 行.
NOTIC: [2] extract() expects parameter 1 to be array, string given C:\wamp\www\shequ\ThinkPHP\Lib\Template\ThinkTemplate.class.php 第 82 行.
INFO: Run ParseTemplate Behavior [ RunTime:0.090005s ]
INFO: [ view_parse ] --END-- [ RunTime:0.091005s ]
INFO: [ view_filter ] --START--
INFO: Run ContentReplace Behavior [ RunTime:0.002000s ]
INFO: Run TokenBuild Behavior [ RunTime:0.001000s ]
INFO: Run WriteHtmlCache Behavior [ RunTime:0.001000s ]
INFO: Run ShowRuntime Behavior [ RunTime:0.002000s ]
INFO: [ view_filter ] --END-- [ RunTime:0.007000s ]
INFO: [ view_end ] --START--
INFO: Run ShowPageTrace Behavior [ RunTime:0.001000s ]
INFO: [ view_end ] --END-- [ RunTime:0.003001s ]

